<?xml version="1.0" encoding="UTF-8"?>
<robot generator="Robot 6.0.2 (Python 3.10.11 on win32)" generated="20230619 12:51:24.609" rpa="false" schemaversion="3">
<suite id="s1" name="Sanity" source="C:\Users\AD33388\Downloads\STR_Automation (2)\STR_Automation\Testcases\Sanity\Sanity.robot">
<kw name="Run Keywords" library="BuiltIn" type="SETUP">
<arg>Token Genaration</arg>
<arg>AND</arg>
<arg>Get list of Products</arg>
<arg>AND</arg>
<arg>Delete Screenshots</arg>
<doc>Executes all the given keywords in a sequence.</doc>
<kw name="Token Genaration" library="Keyword">
<kw name="open Chrome browser" library="Keyword">
<kw name="Open Browser Maximized" library="Driverpath">
<msg timestamp="20230619 12:51:27.910" level="INFO">====== WebDriver manager ======</msg>
<msg timestamp="20230619 12:51:34.480" level="INFO">Driver [C:\Users\AD33388\.wdm\drivers\chromedriver\win32\113.0.5672.63\chromedriver.exe] found in cache</msg>
<msg timestamp="20230619 12:51:34.482" level="INFO">Creating an instance of the Chrome WebDriver.</msg>
<msg timestamp="20230619 12:51:41.988" level="INFO">C:\Users\AD33388\.wdm\drivers\chromedriver\win32\113.0.5672.63\chromedriver.exe</msg>
<status status="PASS" starttime="20230619 12:51:27.909" endtime="20230619 12:51:41.988"/>
</kw>
<status status="PASS" starttime="20230619 12:51:27.909" endtime="20230619 12:51:41.988"/>
</kw>
<kw name="Go To" library="SeleniumLibrary">
<arg>${TokenGenURL}</arg>
<doc>Navigates the current browser window to the provided ``url``.</doc>
<msg timestamp="20230619 12:51:41.989" level="INFO">Opening url 'http://edge-ssctokengeneration-test1.kubeodc-test.corp.intranet/SSCTokenGeneration/'</msg>
<status status="PASS" starttime="20230619 12:51:41.989" endtime="20230619 12:51:45.378"/>
</kw>
<kw name="Input Text" library="SeleniumLibrary">
<arg>${Subcriber_num}</arg>
<arg>${Number}</arg>
<doc>Types the given ``text`` into the text field identified by ``locator``.</doc>
<msg timestamp="20230619 12:51:45.380" level="INFO">Typing text '6082691878' into text field 'id:subscriberId'.</msg>
<status status="PASS" starttime="20230619 12:51:45.379" endtime="20230619 12:51:45.803"/>
</kw>
<kw name="Sleep" library="BuiltIn">
<arg>5s</arg>
<doc>Pauses the test executed for the given time.</doc>
<msg timestamp="20230619 12:51:50.818" level="INFO">Slept 5 seconds</msg>
<status status="PASS" starttime="20230619 12:51:45.803" endtime="20230619 12:51:50.818"/>
</kw>
<kw name="Select From List By Value" library="SeleniumLibrary">
<arg>${Type_Token}</arg>
<arg>test</arg>
<doc>Selects options from selection list ``locator`` by ``values``.</doc>
<msg timestamp="20230619 12:51:50.820" level="INFO">Selecting options from selection list 'id:tokenType' by value test.</msg>
<status status="PASS" starttime="20230619 12:51:50.818" endtime="20230619 12:51:51.042"/>
</kw>
<kw name="Sleep" library="BuiltIn">
<arg>5s</arg>
<doc>Pauses the test executed for the given time.</doc>
<msg timestamp="20230619 12:51:56.046" level="INFO">Slept 5 seconds</msg>
<status status="PASS" starttime="20230619 12:51:51.042" endtime="20230619 12:51:56.047"/>
</kw>
<kw name="Click Element and Take ScreenShot" library="Keyword">
<arg>${GenToken}</arg>
<kw name="Take Screenshot" library="Screenshot">
<arg>${EXECDIR}/ScreenShots/click</arg>
<doc>Takes a screenshot in JPEG format and embeds it into the log file.</doc>
<msg timestamp="20230619 12:51:56.303" level="INFO" html="true">&lt;a href="ScreenShots/click_9.jpg"&gt;&lt;img src="ScreenShots/click_9.jpg" width="800px"&gt;&lt;/a&gt;</msg>
<status status="PASS" starttime="20230619 12:51:56.048" endtime="20230619 12:51:56.303"/>
</kw>
<kw name="Click Element" library="SeleniumLibrary">
<arg>${Element}</arg>
<doc>Click the element identified by ``locator``.</doc>
<msg timestamp="20230619 12:51:56.312" level="INFO">Clicking element 'xpath://*[@id="left"]/form/div[6]/input'.</msg>
<status status="PASS" starttime="20230619 12:51:56.304" endtime="20230619 12:51:57.055"/>
</kw>
<status status="PASS" starttime="20230619 12:51:56.047" endtime="20230619 12:51:57.055"/>
</kw>
<kw name="Sleep" library="BuiltIn">
<arg>2s</arg>
<doc>Pauses the test executed for the given time.</doc>
<msg timestamp="20230619 12:51:59.061" level="INFO">Slept 2 seconds</msg>
<status status="PASS" starttime="20230619 12:51:57.055" endtime="20230619 12:51:59.063"/>
</kw>
<kw name="Get Text" library="SeleniumLibrary">
<var>${token}</var>
<arg>${copy_Token}</arg>
<doc>Returns the text value of the element identified by ``locator``.</doc>
<msg timestamp="20230619 12:51:59.173" level="INFO">${token} = eyJ0eXAiOiJKV1QiLCJhbGciOiJSUzI1NiJ9.eyJ3dG4iOiI2MDgyNjkxODc4IiwiYWNjb3VudF9udW1iZXIiOiIiLCJhY2NvdW50X251bV90eXBlIjoiQkFOIiwidHdveHNfZWRnZV9hdXRoX2ZsYWciOnRydWUsImlzcyI6IjJ4cy1lMmUiLCJleHAiOjE2OTU3OTk...</msg>
<status status="PASS" starttime="20230619 12:51:59.063" endtime="20230619 12:51:59.173"/>
</kw>
<kw name="Set Global Variable" library="BuiltIn">
<arg>${tokenGen}</arg>
<arg>${token}</arg>
<doc>Makes a variable available globally in all tests and suites.</doc>
<msg timestamp="20230619 12:51:59.189" level="INFO">${tokenGen} = eyJ0eXAiOiJKV1QiLCJhbGciOiJSUzI1NiJ9.eyJ3dG4iOiI2MDgyNjkxODc4IiwiYWNjb3VudF9udW1iZXIiOiIiLCJhY2NvdW50X251bV90eXBlIjoiQkFOIiwidHdveHNfZWRnZV9hdXRoX2ZsYWciOnRydWUsImlzcyI6IjJ4cy1lMmUiLCJleHAiOjE2OTU3OTk...</msg>
<status status="PASS" starttime="20230619 12:51:59.173" endtime="20230619 12:51:59.189"/>
</kw>
<kw name="Close Browser" library="SeleniumLibrary">
<doc>Closes the current browser.</doc>
<status status="PASS" starttime="20230619 12:51:59.190" endtime="20230619 12:52:03.949"/>
</kw>
<status status="PASS" starttime="20230619 12:51:27.908" endtime="20230619 12:52:03.949"/>
</kw>
<kw name="Get list of Products" library="Keyword">
<kw name="Create List" library="BuiltIn">
<var>${Auth}</var>
<arg>${username_api}</arg>
<arg>${Pwd_api}</arg>
<doc>Returns a list containing given items.</doc>
<msg timestamp="20230619 12:52:03.951" level="INFO">${Auth} = ['rxdsl', 'Cntl#2017']</msg>
<status status="PASS" starttime="20230619 12:52:03.950" endtime="20230619 12:52:03.951"/>
</kw>
<kw name="Create Session" library="RequestsLibrary">
<arg>mysession</arg>
<arg>${Base_Url}</arg>
<arg>auth=${Auth}</arg>
<doc>Create Session: create a HTTP session to a server</doc>
<msg timestamp="20230619 12:52:03.952" level="INFO">Creating Session using : alias=mysession, url=https://api-test1.centurylink.com, headers={},                     cookies={}, auth=&lt;requests.auth.HTTPBasicAuth object at 0x000001B1372D0040&gt;, timeout=None, proxies=None, verify=False,                     debug=0 </msg>
<status status="PASS" starttime="20230619 12:52:03.951" endtime="20230619 12:52:03.952"/>
</kw>
<kw name="GET On Session" library="RequestsLibrary">
<var>${response}</var>
<arg>mysession</arg>
<arg>${Productinfo_URL}</arg>
<doc>Sends a GET request on a previously created HTTP Session.</doc>
<msg timestamp="20230619 12:52:15.494" level="INFO">GET Request : url=https://api-test1.centurylink.com/Application/v1/Rxmicro/services/rxProductInfo?etn=6082691878 
 path_url=/Application/v1/Rxmicro/services/rxProductInfo?etn=6082691878 
 headers={'User-Agent': 'python-requests/2.31.0', 'Accept-Encoding': 'gzip, deflate', 'Accept': '*/*', 'Connection': 'keep-alive', 'Authorization': 'Basic cnhkc2w6Q250bCMyMDE3'} 
 body=None 
 </msg>
<msg timestamp="20230619 12:52:15.494" level="INFO">GET Response : url=https://api-test1.centurylink.com/Application/v1/Rxmicro/services/rxProductInfo?etn=6082691878 
 status=200, reason= 
 headers={'Date': 'Mon, 19 Jun 2023 07:22:15 GMT', 'Content-Type': 'application/json', 'Transfer-Encoding': 'chunked', 'Connection': 'keep-alive', 'Server': 'openresty/1.15.8.2', 'Vary': 'Accept-Encoding', 'httpSessionId': 'FcDR6PPl_gBkQbqDmsIZiRYn4RqO3J2B39xU6F3Q-UW84k98SpD-!-662017380!-1553109165!1687148884965', 'appUserSessionAi': '7041221', 'Access-Control-Allow-Origin': '*', 'Access-Control-Allow-Credentials': 'true', 'Access-Control-Allow-Methods': 'POST, GET, OPTIONS, DELETE, PUT', 'Access-Control-Allow-Headers': 'DNT,X-CustomHeader,Keep-Alive,User-Agent,X-Requested-With,If-Modified-Since,Cache-Control,Content-Type,Authorization', 'Content-Encoding': 'gzip', 'x-level3-mediation-id': 'ME-apigee41342416385245', 'TrackingId': '92163986-71c0-ad90-e7a4-bc60705a06ef', 'Strict-Transport-Security': 'max-age=157680000; includeSubDomains'} 
 body={"recordsChoice":[{"listedName":"MLSNA, JESSE","address":{"streetAddress":"","addressLine1":"8788 KANSAS AVE","city":"SPARTA","stateProvince":"WI","postalCode":"54656-8244"},"recordIdentifier":"301336087","accountStatus":"Open"}],"rxSessionIdentifier":"35740142","accountInformation":{"billingIdentifier":"301336087","billingName":"JESSE MLSNA","billingAddress":{"streetAddress":"","addressLine1":"8788 KANSAS AVE","city":"SPARTA","stateProvince":"WI","postalCode":"54656-8244"},"previousBillAmount":93.4,"customerType":"residential","allServicesDeniedForNonPayment":false,"accountStatus":"Open","isMilitaryAccount":false,"isVacationSuspend":false,"primaryClassOfServiceCode":"N.A","classOfService":"N.A","usocsOnAccount":["HSI-8M-768K-ADSL2+","VOICE-ACCESSLINE-FLAT"],"last4SocialSecurityNumber":"***-**-1111","hasPrism":false,"isMadisonRiverCustomer":false,"customerDateTime":"06/19/2023 02:22","customerTimeGMTOffset":"-05:00","customerTimeZoneAbbreviation":"US/Central","legacyDispatchTerritory":"L-CTL","companyOwnerId":"4","billingSystem":"Ensemble-BMSR","verificationCode":"X3UR4","smsDigitalDialogPreferences":{"subscribedSmsNumber":"6086060558","repairSubscription":true,"defaultContact":false,"invalidFlag":false,"billingSubscription":false,"orderSubscription":false},"emailDigitalDialogPreferences":{"subscribedEmail":"TestOps@TestScrub.net","repairSubscription":true,"defaultContact":true,"marketingSubscription":true,"billingSubscription":true,"orderSubscription":true},"authorizationDetails":[{"name":"TRICIA MLSNA","tn":"6082691878","authType":{"code":"SPS","description":"SPOUSE"},"email":"","remark":"last 4 - 0566"}],"customerAccountPreferenceInfo":[{"contactNumber":"6086060558","contactMode":"CELL"},{"contactNumber":"6086545106","contactMode":"CELL"},{"contactNumber":"6082691878","contactMode":"OTHER"}]},"serviceLines":[{"centralOffice":"SPRTWI","locationTimeZone":"US/Central","serviceAddress":{"streetAddress":"","addressLine1":"8788 KANSAS AVE","city":"SPARTA","stateProvince":"WI","postalCode":"54656"},"hasGPON":false,"accessTech":"ADSL","hasVectoring":false,"isNIC":false,"isClickConverted":true,"isSfsConverted":false,"isPrivateCarriage":false,"isVISP":false,"hasProfile17a":false,"hasInsideWireMaintenancePlan":false,"hasSynacor":false,"hasVoiceMail":false,"serviceTnOrCktId":"6082691878","customerProducts":[{"customerProductIdentifier":"316597157","ossProfile":{"ossProfileName":"TraditionalEnsembleSS9","billingSource":"Ensemble-BMSR","inventorySource":"MARTENS","ticketingSystem":"TRACS","dispatchSystem":"Click"},"usoc":"VOICE-ACCESSLINE-FLAT","otherUsocs":[],"highLevelProduct":"VOICE","isActive":true,"activationDate":"10/31/2021 00:00","productStatus":"ACTIVE","hasAtEaseFeature":false,"isVacationSuspend":false,"allServicesDeniedForNonPayment":false,"hasTechInstallUSOC":"Unknown","features":[]},{"customerProductIdentifier":"316597156","ossProfile":{"ossProfileName":"TraditionalEnsembleSS9","billingSource":"Ensemble-BMSR","inventorySource":"MARTENS","ticketingSystem":"OneRemedy","dispatchSystem":"Click"},"usoc":"HSI-8M-768K-ADSL2+","otherUsocs":[],"highLevelProduct":"HSI","isActive":true,"activationDate":"10/31/2021 00:00","productStatus":"ACTIVE","hasAtEaseFeature":false,"purchasedSpeedDownKbps":"8000","purchasedSpeedUpKbps":"768","isVacationSuspend":false,"allServicesDeniedForNonPayment":false,"hasTechInstallUSOC":"Unknown","connectionType":"PPPOE","isCentralizedBRAS":"true","isGIDRelevant":"false","sourceOfOpenSessionInfo":"ROS","features":[{"featureName":"ADSL"}]}]}],"apiResponse":{"code":0,"type":"S","message":"Success"}} 
 </msg>
<msg timestamp="20230619 12:52:15.494" level="INFO">C:\Users\AD33388\AppData\Local\Programs\Python\Python310\lib\site-packages\urllib3\connectionpool.py:1095: InsecureRequestWarning: Unverified HTTPS request is being made to host 'api-test1.centurylink.com'. Adding certificate verification is strongly advised. See: https://urllib3.readthedocs.io/en/latest/advanced-usage.html#tls-warnings
  warnings.warn(</msg>
<msg timestamp="20230619 12:52:15.494" level="INFO">${response} = &lt;Response [200]&gt;</msg>
<status status="PASS" starttime="20230619 12:52:03.953" endtime="20230619 12:52:15.494"/>
</kw>
<kw name="Get From Dictionary" library="Collections">
<var>${Service_info}</var>
<arg>${response.json()}</arg>
<arg>serviceLines</arg>
<doc>Returns a value from the given ``dictionary`` based on the given ``key``.</doc>
<msg timestamp="20230619 12:52:15.501" level="INFO">${Service_info} = [{'centralOffice': 'SPRTWI', 'locationTimeZone': 'US/Central', 'serviceAddress': {'streetAddress': '', 'addressLine1': '8788 KANSAS AVE', 'city': 'SPARTA', 'stateProvince': 'WI', 'postalCode': '54656'...</msg>
<status status="PASS" starttime="20230619 12:52:15.495" endtime="20230619 12:52:15.501"/>
</kw>
<kw name="Get From List" library="Collections">
<var>${Service_list}</var>
<arg>${Service_info}</arg>
<arg>0</arg>
<doc>Returns the value specified with an ``index`` from ``list``.</doc>
<msg timestamp="20230619 12:52:15.503" level="INFO">${Service_list} = {'centralOffice': 'SPRTWI', 'locationTimeZone': 'US/Central', 'serviceAddress': {'streetAddress': '', 'addressLine1': '8788 KANSAS AVE', 'city': 'SPARTA', 'stateProvince': 'WI', 'postalCode': '54656'}...</msg>
<status status="PASS" starttime="20230619 12:52:15.502" endtime="20230619 12:52:15.503"/>
</kw>
<kw name="Set Global Variable" library="BuiltIn">
<arg>${Service_list}</arg>
<arg>${Service_list}</arg>
<doc>Makes a variable available globally in all tests and suites.</doc>
<msg timestamp="20230619 12:52:15.504" level="INFO">${Service_list} = {'centralOffice': 'SPRTWI', 'locationTimeZone': 'US/Central', 'serviceAddress': {'streetAddress': '', 'addressLine1': '8788 KANSAS AVE', 'city': 'SPARTA', 'stateProvince': 'WI', 'postalCode': '54656'}...</msg>
<status status="PASS" starttime="20230619 12:52:15.503" endtime="20230619 12:52:15.504"/>
</kw>
<kw name="Get From Dictionary" library="Collections">
<var>${cust_produ}</var>
<arg>${Service_list}</arg>
<arg>customerProducts</arg>
<doc>Returns a value from the given ``dictionary`` based on the given ``key``.</doc>
<msg timestamp="20230619 12:52:15.505" level="INFO">${cust_produ} = [{'customerProductIdentifier': '316597157', 'ossProfile': {'ossProfileName': 'TraditionalEnsembleSS9', 'billingSource': 'Ensemble-BMSR', 'inventorySource': 'MARTENS', 'ticketingSystem': 'TRACS', 'disp...</msg>
<status status="PASS" starttime="20230619 12:52:15.504" endtime="20230619 12:52:15.505"/>
</kw>
<kw name="Get Length" library="BuiltIn">
<var>${cnt}</var>
<arg>${cust_produ}</arg>
<doc>Returns and logs the length of the given item as an integer.</doc>
<msg timestamp="20230619 12:52:15.505" level="INFO">Length is 2</msg>
<msg timestamp="20230619 12:52:15.505" level="INFO">${cnt} = 2</msg>
<status status="PASS" starttime="20230619 12:52:15.505" endtime="20230619 12:52:15.505"/>
</kw>
<kw name="Log To Console" library="BuiltIn">
<arg>${cnt}</arg>
<doc>Logs the given message to the console.</doc>
<status status="PASS" starttime="20230619 12:52:15.505" endtime="20230619 12:52:15.507"/>
</kw>
<kw name="Create List" library="BuiltIn">
<var>${products}</var>
<doc>Returns a list containing given items.</doc>
<msg timestamp="20230619 12:52:15.507" level="INFO">${products} = []</msg>
<status status="PASS" starttime="20230619 12:52:15.507" endtime="20230619 12:52:15.507"/>
</kw>
<for flavor="IN RANGE">
<var>${i}</var>
<value>${cnt}</value>
<iter>
<var name="${i}">0</var>
<kw name="Get From List" library="Collections">
<var>${cust_list}</var>
<arg>${cust_produ}</arg>
<arg>${i}</arg>
<doc>Returns the value specified with an ``index`` from ``list``.</doc>
<msg timestamp="20230619 12:52:15.508" level="INFO">${cust_list} = {'customerProductIdentifier': '316597157', 'ossProfile': {'ossProfileName': 'TraditionalEnsembleSS9', 'billingSource': 'Ensemble-BMSR', 'inventorySource': 'MARTENS', 'ticketingSystem': 'TRACS', 'dispa...</msg>
<status status="PASS" starttime="20230619 12:52:15.508" endtime="20230619 12:52:15.508"/>
</kw>
<kw name="Get From Dictionary" library="Collections">
<var>${cust}</var>
<arg>${cust_list}</arg>
<arg>highLevelProduct</arg>
<doc>Returns a value from the given ``dictionary`` based on the given ``key``.</doc>
<msg timestamp="20230619 12:52:15.509" level="INFO">${cust} = VOICE</msg>
<status status="PASS" starttime="20230619 12:52:15.508" endtime="20230619 12:52:15.509"/>
</kw>
<kw name="Insert Into List" library="Collections">
<arg>${products}</arg>
<arg>${i}</arg>
<arg>${cust}</arg>
<doc>Inserts ``value`` into ``list`` to the position specified with ``index``.</doc>
<status status="PASS" starttime="20230619 12:52:15.510" endtime="20230619 12:52:15.510"/>
</kw>
<kw name="Log To Console" library="BuiltIn">
<arg>${products}</arg>
<doc>Logs the given message to the console.</doc>
<status status="PASS" starttime="20230619 12:52:15.510" endtime="20230619 12:52:15.511"/>
</kw>
<status status="PASS" starttime="20230619 12:52:15.508" endtime="20230619 12:52:15.511"/>
</iter>
<iter>
<var name="${i}">1</var>
<kw name="Get From List" library="Collections">
<var>${cust_list}</var>
<arg>${cust_produ}</arg>
<arg>${i}</arg>
<doc>Returns the value specified with an ``index`` from ``list``.</doc>
<msg timestamp="20230619 12:52:15.513" level="INFO">${cust_list} = {'customerProductIdentifier': '316597156', 'ossProfile': {'ossProfileName': 'TraditionalEnsembleSS9', 'billingSource': 'Ensemble-BMSR', 'inventorySource': 'MARTENS', 'ticketingSystem': 'OneRemedy', 'd...</msg>
<status status="PASS" starttime="20230619 12:52:15.511" endtime="20230619 12:52:15.513"/>
</kw>
<kw name="Get From Dictionary" library="Collections">
<var>${cust}</var>
<arg>${cust_list}</arg>
<arg>highLevelProduct</arg>
<doc>Returns a value from the given ``dictionary`` based on the given ``key``.</doc>
<msg timestamp="20230619 12:52:15.513" level="INFO">${cust} = HSI</msg>
<status status="PASS" starttime="20230619 12:52:15.513" endtime="20230619 12:52:15.514"/>
</kw>
<kw name="Insert Into List" library="Collections">
<arg>${products}</arg>
<arg>${i}</arg>
<arg>${cust}</arg>
<doc>Inserts ``value`` into ``list`` to the position specified with ``index``.</doc>
<status status="PASS" starttime="20230619 12:52:15.514" endtime="20230619 12:52:15.515"/>
</kw>
<kw name="Log To Console" library="BuiltIn">
<arg>${products}</arg>
<doc>Logs the given message to the console.</doc>
<status status="PASS" starttime="20230619 12:52:15.515" endtime="20230619 12:52:15.516"/>
</kw>
<status status="PASS" starttime="20230619 12:52:15.511" endtime="20230619 12:52:15.516"/>
</iter>
<status status="PASS" starttime="20230619 12:52:15.507" endtime="20230619 12:52:15.516"/>
</for>
<kw name="Set Global Variable" library="BuiltIn">
<arg>${products}</arg>
<arg>${products}</arg>
<doc>Makes a variable available globally in all tests and suites.</doc>
<msg timestamp="20230619 12:52:15.517" level="INFO">${products} = ['VOICE', 'HSI']</msg>
<status status="PASS" starttime="20230619 12:52:15.516" endtime="20230619 12:52:15.517"/>
</kw>
<kw name="Verify Products" library="Driverpath">
<var>${pro_verifed}</var>
<arg>${products}</arg>
<msg timestamp="20230619 12:52:15.518" level="INFO">${pro_verifed} = Both internet and phone products are present</msg>
<status status="PASS" starttime="20230619 12:52:15.517" endtime="20230619 12:52:15.518"/>
</kw>
<kw name="Log To Console" library="BuiltIn">
<arg>${pro_verifed}</arg>
<doc>Logs the given message to the console.</doc>
<status status="PASS" starttime="20230619 12:52:15.518" endtime="20230619 12:52:15.519"/>
</kw>
<kw name="Set Global Variable" library="BuiltIn">
<arg>${pro_verifed}</arg>
<arg>${pro_verifed}</arg>
<doc>Makes a variable available globally in all tests and suites.</doc>
<msg timestamp="20230619 12:52:15.520" level="INFO">${pro_verifed} = Both internet and phone products are present</msg>
<status status="PASS" starttime="20230619 12:52:15.519" endtime="20230619 12:52:15.520"/>
</kw>
<kw name="Get From Dictionary" library="Collections">
<var>${Has_gpon}</var>
<arg>${Service_list}</arg>
<arg>hasGPON</arg>
<doc>Returns a value from the given ``dictionary`` based on the given ``key``.</doc>
<msg timestamp="20230619 12:52:15.521" level="INFO">${Has_gpon} = False</msg>
<status status="PASS" starttime="20230619 12:52:15.520" endtime="20230619 12:52:15.521"/>
</kw>
<kw name="Log To Console" library="BuiltIn">
<arg>HasGpon:${Has_gpon}</arg>
<doc>Logs the given message to the console.</doc>
<status status="PASS" starttime="20230619 12:52:15.521" endtime="20230619 12:52:15.521"/>
</kw>
<kw name="Set Global Variable" library="BuiltIn">
<arg>${Has_gpon}</arg>
<arg>${Has_gpon}</arg>
<doc>Makes a variable available globally in all tests and suites.</doc>
<msg timestamp="20230619 12:52:15.522" level="INFO">${Has_gpon} = False</msg>
<status status="PASS" starttime="20230619 12:52:15.522" endtime="20230619 12:52:15.523"/>
</kw>
<status status="PASS" starttime="20230619 12:52:03.949" endtime="20230619 12:52:15.523"/>
</kw>
<kw name="Delete Screenshots" library="Keyword">
<kw name="Empty Directory" library="OperatingSystem">
<arg>${EXECDIR}/Failed_ScreenShot</arg>
<doc>Deletes all the content from the given directory.</doc>
<msg timestamp="20230619 12:52:15.527" level="INFO" html="true">Listing contents of directory '&lt;a href="file://C:\Users\AD33388\Downloads\STR_Automation (2)\STR_Automation\Failed_ScreenShot"&gt;C:\Users\AD33388\Downloads\STR_Automation (2)\STR_Automation\Failed_ScreenShot&lt;/a&gt;'.</msg>
<msg timestamp="20230619 12:52:15.529" level="INFO" html="true">Emptied directory '&lt;a href="file://C:\Users\AD33388\Downloads\STR_Automation (2)\STR_Automation\Failed_ScreenShot"&gt;C:\Users\AD33388\Downloads\STR_Automation (2)\STR_Automation\Failed_ScreenShot&lt;/a&gt;'.</msg>
<status status="PASS" starttime="20230619 12:52:15.526" endtime="20230619 12:52:15.529"/>
</kw>
<kw name="Empty Directory" library="OperatingSystem">
<arg>${EXECDIR}/ScreenShots</arg>
<doc>Deletes all the content from the given directory.</doc>
<msg timestamp="20230619 12:52:15.530" level="INFO" html="true">Listing contents of directory '&lt;a href="file://C:\Users\AD33388\Downloads\STR_Automation (2)\STR_Automation\ScreenShots"&gt;C:\Users\AD33388\Downloads\STR_Automation (2)\STR_Automation\ScreenShots&lt;/a&gt;'.</msg>
<msg timestamp="20230619 12:52:15.602" level="INFO" html="true">Emptied directory '&lt;a href="file://C:\Users\AD33388\Downloads\STR_Automation (2)\STR_Automation\ScreenShots"&gt;C:\Users\AD33388\Downloads\STR_Automation (2)\STR_Automation\ScreenShots&lt;/a&gt;'.</msg>
<status status="PASS" starttime="20230619 12:52:15.530" endtime="20230619 12:52:15.602"/>
</kw>
<status status="PASS" starttime="20230619 12:52:15.524" endtime="20230619 12:52:15.603"/>
</kw>
<status status="PASS" starttime="20230619 12:51:27.906" endtime="20230619 12:52:15.603"/>
</kw>
<test id="s1-t1" name="TC1 NDTE Prompt Verify" line="20">
<kw name="Run Keywords" library="BuiltIn" type="SETUP">
<arg>Launch STR Application</arg>
<arg>AND</arg>
<arg>Entry to Dashboard</arg>
<doc>Executes all the given keywords in a sequence.</doc>
<kw name="Launch STR Application" library="Keyword">
<kw name="Launch a ssc tokengen" library="Keyword">
<kw name="open Chrome browser" library="Keyword">
<kw name="Open Browser Maximized" library="Driverpath">
<msg timestamp="20230619 12:52:15.607" level="INFO">====== WebDriver manager ======</msg>
<msg timestamp="20230619 12:52:21.295" level="INFO">Driver [C:\Users\AD33388\.wdm\drivers\chromedriver\win32\113.0.5672.63\chromedriver.exe] found in cache</msg>
<msg timestamp="20230619 12:52:21.295" level="INFO">Creating an instance of the Chrome WebDriver.</msg>
<msg timestamp="20230619 12:52:26.893" level="INFO">C:\Users\AD33388\.wdm\drivers\chromedriver\win32\113.0.5672.63\chromedriver.exe</msg>
<status status="PASS" starttime="20230619 12:52:15.607" endtime="20230619 12:52:26.894"/>
</kw>
<status status="PASS" starttime="20230619 12:52:15.605" endtime="20230619 12:52:26.894"/>
</kw>
<kw name="Go To" library="SeleniumLibrary">
<arg>${STRTokenURL}${tokenGen}</arg>
<doc>Navigates the current browser window to the provided ``url``.</doc>
<msg timestamp="20230619 12:52:26.895" level="INFO">Opening url 'https://sscqa.centurylink.com/ssc/index.html?token=eyJ0eXAiOiJKV1QiLCJhbGciOiJSUzI1NiJ9.eyJ3dG4iOiI2MDgyNjkxODc4IiwiYWNjb3VudF9udW1iZXIiOiIiLCJhY2NvdW50X251bV90eXBlIjoiQkFOIiwidHdveHNfZWRnZV9hdXRoX2ZsYWciOnRydWUsImlzcyI6IjJ4cy1lMmUiLCJleHAiOjE2OTU3OTkzMTYsImlhdCI6MTY4NzE1OTMxNn0.ahVVThcPjdsPGqeKkuQKLhRE6s7GfyxR0oHCFCTg5mFxXW_3xSKBLhhCXuUVbCHf8ugKPw9FrXF_q_TlndOM9c8eSdVKjhtThWFrYLSU9EI2oWPVlHgh8glGCXBCQbC-K1mJ6LqUNXwII22yWFSLT1xKA211Bjth8XR4oAEE97RyA3w9AYxHGf106fa2KZOLj8K57yd9G0_j2iNSHrtbW94XHqCLe9U4bjzHFMLi_6eppwhB-rEsdp07jA32Z_hlZMOuZs_cYtY3VZW2WfHXsdJ221Mm5wvjJ3qqucFKCh4B2BbCUAOV3dCKl0urI-Jvs1TS2AbQSTNE1mhaE6GdbQ'</msg>
<status status="PASS" starttime="20230619 12:52:26.894" endtime="20230619 12:53:01.074"/>
</kw>
<status status="PASS" starttime="20230619 12:52:15.605" endtime="20230619 12:53:01.075"/>
</kw>
<kw name="Run Keyword And Ignore Error" library="BuiltIn">
<arg>Click Text and take Screenshot</arg>
<arg>OK</arg>
<doc>Runs the given keyword with the given arguments and ignores possible error.</doc>
<kw name="Click Text and take Screenshot" library="Keyword">
<arg>OK</arg>
<kw name="Catenate" library="BuiltIn">
<var>${text_element}</var>
<arg>xpath://*[text()="${Text}"]</arg>
<doc>Catenates the given items together and returns the resulted string.</doc>
<msg timestamp="20230619 12:53:01.076" level="INFO">${text_element} = xpath://*[text()="OK"]</msg>
<status status="PASS" starttime="20230619 12:53:01.076" endtime="20230619 12:53:01.077"/>
</kw>
<kw name="Click Element and Take ScreenShot" library="Keyword">
<arg>${text_element}</arg>
<kw name="Take Screenshot" library="Screenshot">
<arg>${EXECDIR}/ScreenShots/click</arg>
<doc>Takes a screenshot in JPEG format and embeds it into the log file.</doc>
<msg timestamp="20230619 12:53:01.205" level="INFO" html="true">&lt;a href="ScreenShots/click_1.jpg"&gt;&lt;img src="ScreenShots/click_1.jpg" width="800px"&gt;&lt;/a&gt;</msg>
<status status="PASS" starttime="20230619 12:53:01.078" endtime="20230619 12:53:01.205"/>
</kw>
<kw name="Click Element" library="SeleniumLibrary">
<arg>${Element}</arg>
<doc>Click the element identified by ``locator``.</doc>
<msg timestamp="20230619 12:53:01.207" level="INFO">Clicking element 'xpath://*[text()="OK"]'.</msg>
<status status="PASS" starttime="20230619 12:53:01.205" endtime="20230619 12:53:01.619"/>
</kw>
<status status="PASS" starttime="20230619 12:53:01.077" endtime="20230619 12:53:01.619"/>
</kw>
<status status="PASS" starttime="20230619 12:53:01.076" endtime="20230619 12:53:01.619"/>
</kw>
<status status="PASS" starttime="20230619 12:53:01.075" endtime="20230619 12:53:01.619"/>
</kw>
<status status="PASS" starttime="20230619 12:52:15.604" endtime="20230619 12:53:01.620"/>
</kw>
<kw name="Entry to Dashboard" library="Keyword">
<kw name="Products Verify in dashboard" library="Keyword">
<kw name="Run Keyword If" library="BuiltIn">
<arg>"${pro_verifed}"=="${both}"</arg>
<arg>Run Keywords</arg>
<arg>Acoount Check</arg>
<arg>AND</arg>
<arg>verify the tn Gpon or copper</arg>
<arg>AND</arg>
<arg>Wait for text</arg>
<arg>Internet check complete</arg>
<arg>AND</arg>
<arg>Wait for text</arg>
<arg>Phone check complete</arg>
<arg>ELSE IF</arg>
<arg>"${pro_verifed}"=="${only_int}"</arg>
<arg>Run Keywords</arg>
<arg>Acoount Check</arg>
<arg>AND</arg>
<arg>verify the tn Gpon or copper</arg>
<arg>ELSE IF</arg>
<arg>"${pro_verifed}"=="${only_voice}"</arg>
<arg>Wait for text</arg>
<arg>Phone check complete</arg>
<doc>Runs the given keyword with the given arguments, if ``condition`` is true.</doc>
<kw name="Run Keywords" library="BuiltIn">
<arg>Acoount Check</arg>
<arg>AND</arg>
<arg>verify the tn Gpon or copper</arg>
<arg>AND</arg>
<arg>Wait for text</arg>
<arg>Internet check complete</arg>
<arg>AND</arg>
<arg>Wait for text</arg>
<arg>Phone check complete</arg>
<doc>Executes all the given keywords in a sequence.</doc>
<kw name="Acoount Check" library="Keyword">
<kw name="Wait for text" library="Keyword">
<arg>Step 1 - Checking account</arg>
<kw name="Wait Until Keyword Succeeds" library="BuiltIn">
<arg>5min</arg>
<arg>1ms</arg>
<arg>Page Should Contain</arg>
<arg>${Text}</arg>
<doc>Runs the specified keyword and retries if it fails.</doc>
<kw name="Page Should Contain" library="SeleniumLibrary">
<arg>${Text}</arg>
<doc>Verifies that current page contains ``text``.</doc>
<msg timestamp="20230619 12:53:08.955" level="INFO" html="true">&lt;/td&gt;&lt;/tr&gt;&lt;tr&gt;&lt;td colspan="3"&gt;&lt;a href="selenium-screenshot-9460.png"&gt;&lt;img src="selenium-screenshot-9460.png" width="800px"&gt;&lt;/a&gt;</msg>
<msg timestamp="20230619 12:53:08.956" level="FAIL">Page should have contained text 'Step 1 - Checking account' but did not.</msg>
<status status="FAIL" starttime="20230619 12:53:01.625" endtime="20230619 12:53:09.027"/>
</kw>
<kw name="Page Should Contain" library="SeleniumLibrary">
<arg>${Text}</arg>
<doc>Verifies that current page contains ``text``.</doc>
<msg timestamp="20230619 12:53:09.068" level="INFO">Current page contains text 'Step 1 - Checking account'.</msg>
<status status="PASS" starttime="20230619 12:53:09.028" endtime="20230619 12:53:09.068"/>
</kw>
<status status="PASS" starttime="20230619 12:53:01.624" endtime="20230619 12:53:09.068"/>
</kw>
<kw name="Take Screenshot" library="Screenshot">
<arg>${EXECDIR}/ScreenShots/Text</arg>
<doc>Takes a screenshot in JPEG format and embeds it into the log file.</doc>
<msg timestamp="20230619 12:53:09.165" level="INFO" html="true">&lt;a href="ScreenShots/Text_1.jpg"&gt;&lt;img src="ScreenShots/Text_1.jpg" width="800px"&gt;&lt;/a&gt;</msg>
<status status="PASS" starttime="20230619 12:53:09.068" endtime="20230619 12:53:09.165"/>
</kw>
<status status="PASS" starttime="20230619 12:53:01.624" endtime="20230619 12:53:09.166"/>
</kw>
<kw name="Wait for text" library="Keyword">
<arg>Checking for outages</arg>
<kw name="Wait Until Keyword Succeeds" library="BuiltIn">
<arg>5min</arg>
<arg>1ms</arg>
<arg>Page Should Contain</arg>
<arg>${Text}</arg>
<doc>Runs the specified keyword and retries if it fails.</doc>
<kw name="Page Should Contain" library="SeleniumLibrary">
<arg>${Text}</arg>
<doc>Verifies that current page contains ``text``.</doc>
<msg timestamp="20230619 12:53:12.995" level="INFO" html="true">&lt;/td&gt;&lt;/tr&gt;&lt;tr&gt;&lt;td colspan="3"&gt;&lt;a href="selenium-screenshot-9461.png"&gt;&lt;img src="selenium-screenshot-9461.png" width="800px"&gt;&lt;/a&gt;</msg>
<msg timestamp="20230619 12:53:12.995" level="FAIL">Page should have contained text 'Checking for outages' but did not.</msg>
<status status="FAIL" starttime="20230619 12:53:09.167" endtime="20230619 12:53:12.997"/>
</kw>
<kw name="Page Should Contain" library="SeleniumLibrary">
<arg>${Text}</arg>
<doc>Verifies that current page contains ``text``.</doc>
<msg timestamp="20230619 12:53:16.744" level="INFO" html="true">&lt;/td&gt;&lt;/tr&gt;&lt;tr&gt;&lt;td colspan="3"&gt;&lt;a href="selenium-screenshot-9462.png"&gt;&lt;img src="selenium-screenshot-9462.png" width="800px"&gt;&lt;/a&gt;</msg>
<msg timestamp="20230619 12:53:16.745" level="FAIL">Page should have contained text 'Checking for outages' but did not.</msg>
<status status="FAIL" starttime="20230619 12:53:13.000" endtime="20230619 12:53:16.746"/>
</kw>
<kw name="Page Should Contain" library="SeleniumLibrary">
<arg>${Text}</arg>
<doc>Verifies that current page contains ``text``.</doc>
<msg timestamp="20230619 12:53:21.282" level="INFO" html="true">&lt;/td&gt;&lt;/tr&gt;&lt;tr&gt;&lt;td colspan="3"&gt;&lt;a href="selenium-screenshot-9463.png"&gt;&lt;img src="selenium-screenshot-9463.png" width="800px"&gt;&lt;/a&gt;</msg>
<msg timestamp="20230619 12:53:21.283" level="FAIL">Page should have contained text 'Checking for outages' but did not.</msg>
<status status="FAIL" starttime="20230619 12:53:16.751" endtime="20230619 12:53:21.284"/>
</kw>
<kw name="Page Should Contain" library="SeleniumLibrary">
<arg>${Text}</arg>
<doc>Verifies that current page contains ``text``.</doc>
<msg timestamp="20230619 12:53:25.952" level="INFO" html="true">&lt;/td&gt;&lt;/tr&gt;&lt;tr&gt;&lt;td colspan="3"&gt;&lt;a href="selenium-screenshot-9464.png"&gt;&lt;img src="selenium-screenshot-9464.png" width="800px"&gt;&lt;/a&gt;</msg>
<msg timestamp="20230619 12:53:25.953" level="FAIL">Page should have contained text 'Checking for outages' but did not.</msg>
<status status="FAIL" starttime="20230619 12:53:21.297" endtime="20230619 12:53:25.956"/>
</kw>
<kw name="Page Should Contain" library="SeleniumLibrary">
<arg>${Text}</arg>
<doc>Verifies that current page contains ``text``.</doc>
<msg timestamp="20230619 12:53:30.871" level="INFO" html="true">&lt;/td&gt;&lt;/tr&gt;&lt;tr&gt;&lt;td colspan="3"&gt;&lt;a href="selenium-screenshot-9465.png"&gt;&lt;img src="selenium-screenshot-9465.png" width="800px"&gt;&lt;/a&gt;</msg>
<msg timestamp="20230619 12:53:30.871" level="FAIL">Page should have contained text 'Checking for outages' but did not.</msg>
<status status="FAIL" starttime="20230619 12:53:25.966" endtime="20230619 12:53:30.873"/>
</kw>
<kw name="Page Should Contain" library="SeleniumLibrary">
<arg>${Text}</arg>
<doc>Verifies that current page contains ``text``.</doc>
<msg timestamp="20230619 12:53:38.094" level="INFO" html="true">&lt;/td&gt;&lt;/tr&gt;&lt;tr&gt;&lt;td colspan="3"&gt;&lt;a href="selenium-screenshot-9466.png"&gt;&lt;img src="selenium-screenshot-9466.png" width="800px"&gt;&lt;/a&gt;</msg>
<msg timestamp="20230619 12:53:38.094" level="FAIL">Page should have contained text 'Checking for outages' but did not.</msg>
<status status="FAIL" starttime="20230619 12:53:30.888" endtime="20230619 12:53:38.096"/>
</kw>
<kw name="Page Should Contain" library="SeleniumLibrary">
<arg>${Text}</arg>
<doc>Verifies that current page contains ``text``.</doc>
<msg timestamp="20230619 12:53:43.504" level="INFO" html="true">&lt;/td&gt;&lt;/tr&gt;&lt;tr&gt;&lt;td colspan="3"&gt;&lt;a href="selenium-screenshot-9467.png"&gt;&lt;img src="selenium-screenshot-9467.png" width="800px"&gt;&lt;/a&gt;</msg>
<msg timestamp="20230619 12:53:43.504" level="FAIL">Page should have contained text 'Checking for outages' but did not.</msg>
<status status="FAIL" starttime="20230619 12:53:38.107" endtime="20230619 12:53:43.505"/>
</kw>
<kw name="Page Should Contain" library="SeleniumLibrary">
<arg>${Text}</arg>
<doc>Verifies that current page contains ``text``.</doc>
<msg timestamp="20230619 12:53:48.032" level="INFO" html="true">&lt;/td&gt;&lt;/tr&gt;&lt;tr&gt;&lt;td colspan="3"&gt;&lt;a href="selenium-screenshot-9468.png"&gt;&lt;img src="selenium-screenshot-9468.png" width="800px"&gt;&lt;/a&gt;</msg>
<msg timestamp="20230619 12:53:48.032" level="FAIL">Page should have contained text 'Checking for outages' but did not.</msg>
<status status="FAIL" starttime="20230619 12:53:43.507" endtime="20230619 12:53:48.034"/>
</kw>
<kw name="Page Should Contain" library="SeleniumLibrary">
<arg>${Text}</arg>
<doc>Verifies that current page contains ``text``.</doc>
<msg timestamp="20230619 12:53:52.317" level="INFO" html="true">&lt;/td&gt;&lt;/tr&gt;&lt;tr&gt;&lt;td colspan="3"&gt;&lt;a href="selenium-screenshot-9469.png"&gt;&lt;img src="selenium-screenshot-9469.png" width="800px"&gt;&lt;/a&gt;</msg>
<msg timestamp="20230619 12:53:52.317" level="FAIL">Page should have contained text 'Checking for outages' but did not.</msg>
<status status="FAIL" starttime="20230619 12:53:48.038" endtime="20230619 12:53:52.318"/>
</kw>
<kw name="Page Should Contain" library="SeleniumLibrary">
<arg>${Text}</arg>
<doc>Verifies that current page contains ``text``.</doc>
<msg timestamp="20230619 12:53:56.527" level="INFO" html="true">&lt;/td&gt;&lt;/tr&gt;&lt;tr&gt;&lt;td colspan="3"&gt;&lt;a href="selenium-screenshot-9470.png"&gt;&lt;img src="selenium-screenshot-9470.png" width="800px"&gt;&lt;/a&gt;</msg>
<msg timestamp="20230619 12:53:56.527" level="FAIL">Page should have contained text 'Checking for outages' but did not.</msg>
<status status="FAIL" starttime="20230619 12:53:52.330" endtime="20230619 12:53:56.528"/>
</kw>
<kw name="Page Should Contain" library="SeleniumLibrary">
<arg>${Text}</arg>
<doc>Verifies that current page contains ``text``.</doc>
<msg timestamp="20230619 12:53:56.586" level="INFO">Current page contains text 'Checking for outages'.</msg>
<status status="PASS" starttime="20230619 12:53:56.540" endtime="20230619 12:53:56.586"/>
</kw>
<status status="PASS" starttime="20230619 12:53:09.167" endtime="20230619 12:53:56.586"/>
</kw>
<kw name="Take Screenshot" library="Screenshot">
<arg>${EXECDIR}/ScreenShots/Text</arg>
<doc>Takes a screenshot in JPEG format and embeds it into the log file.</doc>
<msg timestamp="20230619 12:53:56.747" level="INFO" html="true">&lt;a href="ScreenShots/Text_2.jpg"&gt;&lt;img src="ScreenShots/Text_2.jpg" width="800px"&gt;&lt;/a&gt;</msg>
<status status="PASS" starttime="20230619 12:53:56.586" endtime="20230619 12:53:56.747"/>
</kw>
<status status="PASS" starttime="20230619 12:53:09.166" endtime="20230619 12:53:56.747"/>
</kw>
<kw name="Wait for text" library="Keyword">
<arg>Account check complete</arg>
<kw name="Wait Until Keyword Succeeds" library="BuiltIn">
<arg>5min</arg>
<arg>1ms</arg>
<arg>Page Should Contain</arg>
<arg>${Text}</arg>
<doc>Runs the specified keyword and retries if it fails.</doc>
<kw name="Page Should Contain" library="SeleniumLibrary">
<arg>${Text}</arg>
<doc>Verifies that current page contains ``text``.</doc>
<msg timestamp="20230619 12:53:56.829" level="INFO">Current page contains text 'Account check complete'.</msg>
<status status="PASS" starttime="20230619 12:53:56.749" endtime="20230619 12:53:56.830"/>
</kw>
<status status="PASS" starttime="20230619 12:53:56.748" endtime="20230619 12:53:56.830"/>
</kw>
<kw name="Take Screenshot" library="Screenshot">
<arg>${EXECDIR}/ScreenShots/Text</arg>
<doc>Takes a screenshot in JPEG format and embeds it into the log file.</doc>
<msg timestamp="20230619 12:53:56.953" level="INFO" html="true">&lt;a href="ScreenShots/Text_3.jpg"&gt;&lt;img src="ScreenShots/Text_3.jpg" width="800px"&gt;&lt;/a&gt;</msg>
<status status="PASS" starttime="20230619 12:53:56.830" endtime="20230619 12:53:56.953"/>
</kw>
<status status="PASS" starttime="20230619 12:53:56.748" endtime="20230619 12:53:56.954"/>
</kw>
<status status="PASS" starttime="20230619 12:53:01.623" endtime="20230619 12:53:56.954"/>
</kw>
<kw name="verify the tn Gpon or copper" library="Keyword">
<kw name="Run Keyword If" library="BuiltIn">
<arg>'${True}'=='${Has_gpon}'</arg>
<arg>Gpon entry to dashboard</arg>
<arg>ELSE</arg>
<arg>Copper entry to dashboard</arg>
<doc>Runs the given keyword with the given arguments, if ``condition`` is true.</doc>
<kw name="Copper entry to dashboard" library="Keyword">
<kw name="Internet product copper" library="Keyword">
<kw name="Wait for text" library="Keyword">
<arg>Step 2 - Checking internet</arg>
<kw name="Wait Until Keyword Succeeds" library="BuiltIn">
<arg>5min</arg>
<arg>1ms</arg>
<arg>Page Should Contain</arg>
<arg>${Text}</arg>
<doc>Runs the specified keyword and retries if it fails.</doc>
<kw name="Page Should Contain" library="SeleniumLibrary">
<arg>${Text}</arg>
<doc>Verifies that current page contains ``text``.</doc>
<msg timestamp="20230619 12:54:00.489" level="INFO" html="true">&lt;/td&gt;&lt;/tr&gt;&lt;tr&gt;&lt;td colspan="3"&gt;&lt;a href="selenium-screenshot-9471.png"&gt;&lt;img src="selenium-screenshot-9471.png" width="800px"&gt;&lt;/a&gt;</msg>
<msg timestamp="20230619 12:54:00.489" level="FAIL">Page should have contained text 'Step 2 - Checking internet' but did not.</msg>
<status status="FAIL" starttime="20230619 12:53:56.969" endtime="20230619 12:54:00.492"/>
</kw>
<kw name="Page Should Contain" library="SeleniumLibrary">
<arg>${Text}</arg>
<doc>Verifies that current page contains ``text``.</doc>
<msg timestamp="20230619 12:54:03.779" level="INFO" html="true">&lt;/td&gt;&lt;/tr&gt;&lt;tr&gt;&lt;td colspan="3"&gt;&lt;a href="selenium-screenshot-9472.png"&gt;&lt;img src="selenium-screenshot-9472.png" width="800px"&gt;&lt;/a&gt;</msg>
<msg timestamp="20230619 12:54:03.779" level="FAIL">Page should have contained text 'Step 2 - Checking internet' but did not.</msg>
<status status="FAIL" starttime="20230619 12:54:00.505" endtime="20230619 12:54:03.780"/>
</kw>
<kw name="Page Should Contain" library="SeleniumLibrary">
<arg>${Text}</arg>
<doc>Verifies that current page contains ``text``.</doc>
<msg timestamp="20230619 12:54:03.886" level="INFO">Current page contains text 'Step 2 - Checking internet'.</msg>
<status status="PASS" starttime="20230619 12:54:03.788" endtime="20230619 12:54:03.886"/>
</kw>
<status status="PASS" starttime="20230619 12:53:56.968" endtime="20230619 12:54:03.887"/>
</kw>
<kw name="Take Screenshot" library="Screenshot">
<arg>${EXECDIR}/ScreenShots/Text</arg>
<doc>Takes a screenshot in JPEG format and embeds it into the log file.</doc>
<msg timestamp="20230619 12:54:04.013" level="INFO" html="true">&lt;a href="ScreenShots/Text_4.jpg"&gt;&lt;img src="ScreenShots/Text_4.jpg" width="800px"&gt;&lt;/a&gt;</msg>
<status status="PASS" starttime="20230619 12:54:03.887" endtime="20230619 12:54:04.013"/>
</kw>
<status status="PASS" starttime="20230619 12:53:56.966" endtime="20230619 12:54:04.013"/>
</kw>
<kw name="Wait for text" library="Keyword">
<arg>Checking the account</arg>
<kw name="Wait Until Keyword Succeeds" library="BuiltIn">
<arg>5min</arg>
<arg>1ms</arg>
<arg>Page Should Contain</arg>
<arg>${Text}</arg>
<doc>Runs the specified keyword and retries if it fails.</doc>
<kw name="Page Should Contain" library="SeleniumLibrary">
<arg>${Text}</arg>
<doc>Verifies that current page contains ``text``.</doc>
<msg timestamp="20230619 12:54:04.059" level="INFO">Current page contains text 'Checking the account'.</msg>
<status status="PASS" starttime="20230619 12:54:04.015" endtime="20230619 12:54:04.059"/>
</kw>
<status status="PASS" starttime="20230619 12:54:04.014" endtime="20230619 12:54:04.059"/>
</kw>
<kw name="Take Screenshot" library="Screenshot">
<arg>${EXECDIR}/ScreenShots/Text</arg>
<doc>Takes a screenshot in JPEG format and embeds it into the log file.</doc>
<msg timestamp="20230619 12:54:04.166" level="INFO" html="true">&lt;a href="ScreenShots/Text_5.jpg"&gt;&lt;img src="ScreenShots/Text_5.jpg" width="800px"&gt;&lt;/a&gt;</msg>
<status status="PASS" starttime="20230619 12:54:04.059" endtime="20230619 12:54:04.166"/>
</kw>
<status status="PASS" starttime="20230619 12:54:04.013" endtime="20230619 12:54:04.166"/>
</kw>
<kw name="Wait for text" library="Keyword">
<arg>Checking our network</arg>
<kw name="Wait Until Keyword Succeeds" library="BuiltIn">
<arg>5min</arg>
<arg>1ms</arg>
<arg>Page Should Contain</arg>
<arg>${Text}</arg>
<doc>Runs the specified keyword and retries if it fails.</doc>
<kw name="Page Should Contain" library="SeleniumLibrary">
<arg>${Text}</arg>
<doc>Verifies that current page contains ``text``.</doc>
<msg timestamp="20230619 12:54:07.583" level="INFO" html="true">&lt;/td&gt;&lt;/tr&gt;&lt;tr&gt;&lt;td colspan="3"&gt;&lt;a href="selenium-screenshot-9473.png"&gt;&lt;img src="selenium-screenshot-9473.png" width="800px"&gt;&lt;/a&gt;</msg>
<msg timestamp="20230619 12:54:07.583" level="FAIL">Page should have contained text 'Checking our network' but did not.</msg>
<status status="FAIL" starttime="20230619 12:54:04.168" endtime="20230619 12:54:07.584"/>
</kw>
<kw name="Page Should Contain" library="SeleniumLibrary">
<arg>${Text}</arg>
<doc>Verifies that current page contains ``text``.</doc>
<msg timestamp="20230619 12:54:11.610" level="INFO" html="true">&lt;/td&gt;&lt;/tr&gt;&lt;tr&gt;&lt;td colspan="3"&gt;&lt;a href="selenium-screenshot-9474.png"&gt;&lt;img src="selenium-screenshot-9474.png" width="800px"&gt;&lt;/a&gt;</msg>
<msg timestamp="20230619 12:54:11.610" level="FAIL">Page should have contained text 'Checking our network' but did not.</msg>
<status status="FAIL" starttime="20230619 12:54:07.588" endtime="20230619 12:54:11.611"/>
</kw>
<kw name="Page Should Contain" library="SeleniumLibrary">
<arg>${Text}</arg>
<doc>Verifies that current page contains ``text``.</doc>
<msg timestamp="20230619 12:54:11.673" level="INFO">Current page contains text 'Checking our network'.</msg>
<status status="PASS" starttime="20230619 12:54:11.613" endtime="20230619 12:54:11.673"/>
</kw>
<status status="PASS" starttime="20230619 12:54:04.167" endtime="20230619 12:54:11.673"/>
</kw>
<kw name="Take Screenshot" library="Screenshot">
<arg>${EXECDIR}/ScreenShots/Text</arg>
<doc>Takes a screenshot in JPEG format and embeds it into the log file.</doc>
<msg timestamp="20230619 12:54:11.759" level="INFO" html="true">&lt;a href="ScreenShots/Text_6.jpg"&gt;&lt;img src="ScreenShots/Text_6.jpg" width="800px"&gt;&lt;/a&gt;</msg>
<status status="PASS" starttime="20230619 12:54:11.673" endtime="20230619 12:54:11.759"/>
</kw>
<status status="PASS" starttime="20230619 12:54:04.167" endtime="20230619 12:54:11.759"/>
</kw>
<kw name="Wait for text" library="Keyword">
<arg>Checking our network path</arg>
<kw name="Wait Until Keyword Succeeds" library="BuiltIn">
<arg>5min</arg>
<arg>1ms</arg>
<arg>Page Should Contain</arg>
<arg>${Text}</arg>
<doc>Runs the specified keyword and retries if it fails.</doc>
<kw name="Page Should Contain" library="SeleniumLibrary">
<arg>${Text}</arg>
<doc>Verifies that current page contains ``text``.</doc>
<msg timestamp="20230619 12:54:14.931" level="INFO" html="true">&lt;/td&gt;&lt;/tr&gt;&lt;tr&gt;&lt;td colspan="3"&gt;&lt;a href="selenium-screenshot-9475.png"&gt;&lt;img src="selenium-screenshot-9475.png" width="800px"&gt;&lt;/a&gt;</msg>
<msg timestamp="20230619 12:54:14.932" level="FAIL">Page should have contained text 'Checking our network path' but did not.</msg>
<status status="FAIL" starttime="20230619 12:54:11.761" endtime="20230619 12:54:14.932"/>
</kw>
<kw name="Page Should Contain" library="SeleniumLibrary">
<arg>${Text}</arg>
<doc>Verifies that current page contains ``text``.</doc>
<msg timestamp="20230619 12:54:18.159" level="INFO" html="true">&lt;/td&gt;&lt;/tr&gt;&lt;tr&gt;&lt;td colspan="3"&gt;&lt;a href="selenium-screenshot-9476.png"&gt;&lt;img src="selenium-screenshot-9476.png" width="800px"&gt;&lt;/a&gt;</msg>
<msg timestamp="20230619 12:54:18.159" level="FAIL">Page should have contained text 'Checking our network path' but did not.</msg>
<status status="FAIL" starttime="20230619 12:54:14.937" endtime="20230619 12:54:18.161"/>
</kw>
<kw name="Page Should Contain" library="SeleniumLibrary">
<arg>${Text}</arg>
<doc>Verifies that current page contains ``text``.</doc>
<msg timestamp="20230619 12:54:21.483" level="INFO" html="true">&lt;/td&gt;&lt;/tr&gt;&lt;tr&gt;&lt;td colspan="3"&gt;&lt;a href="selenium-screenshot-9477.png"&gt;&lt;img src="selenium-screenshot-9477.png" width="800px"&gt;&lt;/a&gt;</msg>
<msg timestamp="20230619 12:54:21.483" level="FAIL">Page should have contained text 'Checking our network path' but did not.</msg>
<status status="FAIL" starttime="20230619 12:54:18.168" endtime="20230619 12:54:21.484"/>
</kw>
<kw name="Page Should Contain" library="SeleniumLibrary">
<arg>${Text}</arg>
<doc>Verifies that current page contains ``text``.</doc>
<msg timestamp="20230619 12:54:24.669" level="INFO" html="true">&lt;/td&gt;&lt;/tr&gt;&lt;tr&gt;&lt;td colspan="3"&gt;&lt;a href="selenium-screenshot-9478.png"&gt;&lt;img src="selenium-screenshot-9478.png" width="800px"&gt;&lt;/a&gt;</msg>
<msg timestamp="20230619 12:54:24.669" level="FAIL">Page should have contained text 'Checking our network path' but did not.</msg>
<status status="FAIL" starttime="20230619 12:54:21.494" endtime="20230619 12:54:24.670"/>
</kw>
<kw name="Page Should Contain" library="SeleniumLibrary">
<arg>${Text}</arg>
<doc>Verifies that current page contains ``text``.</doc>
<msg timestamp="20230619 12:54:27.976" level="INFO" html="true">&lt;/td&gt;&lt;/tr&gt;&lt;tr&gt;&lt;td colspan="3"&gt;&lt;a href="selenium-screenshot-9479.png"&gt;&lt;img src="selenium-screenshot-9479.png" width="800px"&gt;&lt;/a&gt;</msg>
<msg timestamp="20230619 12:54:27.977" level="FAIL">Page should have contained text 'Checking our network path' but did not.</msg>
<status status="FAIL" starttime="20230619 12:54:24.681" endtime="20230619 12:54:27.977"/>
</kw>
<kw name="Page Should Contain" library="SeleniumLibrary">
<arg>${Text}</arg>
<doc>Verifies that current page contains ``text``.</doc>
<msg timestamp="20230619 12:54:31.171" level="INFO" html="true">&lt;/td&gt;&lt;/tr&gt;&lt;tr&gt;&lt;td colspan="3"&gt;&lt;a href="selenium-screenshot-9480.png"&gt;&lt;img src="selenium-screenshot-9480.png" width="800px"&gt;&lt;/a&gt;</msg>
<msg timestamp="20230619 12:54:31.171" level="FAIL">Page should have contained text 'Checking our network path' but did not.</msg>
<status status="FAIL" starttime="20230619 12:54:27.993" endtime="20230619 12:54:31.173"/>
</kw>
<kw name="Page Should Contain" library="SeleniumLibrary">
<arg>${Text}</arg>
<doc>Verifies that current page contains ``text``.</doc>
<msg timestamp="20230619 12:54:34.538" level="INFO" html="true">&lt;/td&gt;&lt;/tr&gt;&lt;tr&gt;&lt;td colspan="3"&gt;&lt;a href="selenium-screenshot-9481.png"&gt;&lt;img src="selenium-screenshot-9481.png" width="800px"&gt;&lt;/a&gt;</msg>
<msg timestamp="20230619 12:54:34.538" level="FAIL">Page should have contained text 'Checking our network path' but did not.</msg>
<status status="FAIL" starttime="20230619 12:54:31.184" endtime="20230619 12:54:34.540"/>
</kw>
<kw name="Page Should Contain" library="SeleniumLibrary">
<arg>${Text}</arg>
<doc>Verifies that current page contains ``text``.</doc>
<msg timestamp="20230619 12:54:37.693" level="INFO" html="true">&lt;/td&gt;&lt;/tr&gt;&lt;tr&gt;&lt;td colspan="3"&gt;&lt;a href="selenium-screenshot-9482.png"&gt;&lt;img src="selenium-screenshot-9482.png" width="800px"&gt;&lt;/a&gt;</msg>
<msg timestamp="20230619 12:54:37.693" level="FAIL">Page should have contained text 'Checking our network path' but did not.</msg>
<status status="FAIL" starttime="20230619 12:54:34.543" endtime="20230619 12:54:37.695"/>
</kw>
<kw name="Page Should Contain" library="SeleniumLibrary">
<arg>${Text}</arg>
<doc>Verifies that current page contains ``text``.</doc>
<msg timestamp="20230619 12:54:40.942" level="INFO" html="true">&lt;/td&gt;&lt;/tr&gt;&lt;tr&gt;&lt;td colspan="3"&gt;&lt;a href="selenium-screenshot-9483.png"&gt;&lt;img src="selenium-screenshot-9483.png" width="800px"&gt;&lt;/a&gt;</msg>
<msg timestamp="20230619 12:54:40.942" level="FAIL">Page should have contained text 'Checking our network path' but did not.</msg>
<status status="FAIL" starttime="20230619 12:54:37.701" endtime="20230619 12:54:40.943"/>
</kw>
<kw name="Page Should Contain" library="SeleniumLibrary">
<arg>${Text}</arg>
<doc>Verifies that current page contains ``text``.</doc>
<msg timestamp="20230619 12:54:44.334" level="INFO" html="true">&lt;/td&gt;&lt;/tr&gt;&lt;tr&gt;&lt;td colspan="3"&gt;&lt;a href="selenium-screenshot-9484.png"&gt;&lt;img src="selenium-screenshot-9484.png" width="800px"&gt;&lt;/a&gt;</msg>
<msg timestamp="20230619 12:54:44.335" level="FAIL">Page should have contained text 'Checking our network path' but did not.</msg>
<status status="FAIL" starttime="20230619 12:54:40.946" endtime="20230619 12:54:44.336"/>
</kw>
<kw name="Page Should Contain" library="SeleniumLibrary">
<arg>${Text}</arg>
<doc>Verifies that current page contains ``text``.</doc>
<msg timestamp="20230619 12:54:47.500" level="INFO" html="true">&lt;/td&gt;&lt;/tr&gt;&lt;tr&gt;&lt;td colspan="3"&gt;&lt;a href="selenium-screenshot-9485.png"&gt;&lt;img src="selenium-screenshot-9485.png" width="800px"&gt;&lt;/a&gt;</msg>
<msg timestamp="20230619 12:54:47.500" level="FAIL">Page should have contained text 'Checking our network path' but did not.</msg>
<status status="FAIL" starttime="20230619 12:54:44.342" endtime="20230619 12:54:47.502"/>
</kw>
<kw name="Page Should Contain" library="SeleniumLibrary">
<arg>${Text}</arg>
<doc>Verifies that current page contains ``text``.</doc>
<msg timestamp="20230619 12:54:50.581" level="INFO" html="true">&lt;/td&gt;&lt;/tr&gt;&lt;tr&gt;&lt;td colspan="3"&gt;&lt;a href="selenium-screenshot-9486.png"&gt;&lt;img src="selenium-screenshot-9486.png" width="800px"&gt;&lt;/a&gt;</msg>
<msg timestamp="20230619 12:54:50.581" level="FAIL">Page should have contained text 'Checking our network path' but did not.</msg>
<status status="FAIL" starttime="20230619 12:54:47.508" endtime="20230619 12:54:50.582"/>
</kw>
<kw name="Page Should Contain" library="SeleniumLibrary">
<arg>${Text}</arg>
<doc>Verifies that current page contains ``text``.</doc>
<msg timestamp="20230619 12:54:54.804" level="INFO" html="true">&lt;/td&gt;&lt;/tr&gt;&lt;tr&gt;&lt;td colspan="3"&gt;&lt;a href="selenium-screenshot-9487.png"&gt;&lt;img src="selenium-screenshot-9487.png" width="800px"&gt;&lt;/a&gt;</msg>
<msg timestamp="20230619 12:54:54.805" level="FAIL">Page should have contained text 'Checking our network path' but did not.</msg>
<status status="FAIL" starttime="20230619 12:54:50.595" endtime="20230619 12:54:54.806"/>
</kw>
<kw name="Page Should Contain" library="SeleniumLibrary">
<arg>${Text}</arg>
<doc>Verifies that current page contains ``text``.</doc>
<msg timestamp="20230619 12:54:58.526" level="INFO" html="true">&lt;/td&gt;&lt;/tr&gt;&lt;tr&gt;&lt;td colspan="3"&gt;&lt;a href="selenium-screenshot-9488.png"&gt;&lt;img src="selenium-screenshot-9488.png" width="800px"&gt;&lt;/a&gt;</msg>
<msg timestamp="20230619 12:54:58.526" level="FAIL">Page should have contained text 'Checking our network path' but did not.</msg>
<status status="FAIL" starttime="20230619 12:54:54.820" endtime="20230619 12:54:58.529"/>
</kw>
<kw name="Page Should Contain" library="SeleniumLibrary">
<arg>${Text}</arg>
<doc>Verifies that current page contains ``text``.</doc>
<msg timestamp="20230619 12:55:01.884" level="INFO" html="true">&lt;/td&gt;&lt;/tr&gt;&lt;tr&gt;&lt;td colspan="3"&gt;&lt;a href="selenium-screenshot-9489.png"&gt;&lt;img src="selenium-screenshot-9489.png" width="800px"&gt;&lt;/a&gt;</msg>
<msg timestamp="20230619 12:55:01.884" level="FAIL">Page should have contained text 'Checking our network path' but did not.</msg>
<status status="FAIL" starttime="20230619 12:54:58.539" endtime="20230619 12:55:01.886"/>
</kw>
<kw name="Page Should Contain" library="SeleniumLibrary">
<arg>${Text}</arg>
<doc>Verifies that current page contains ``text``.</doc>
<msg timestamp="20230619 12:55:01.942" level="INFO">Current page contains text 'Checking our network path'.</msg>
<status status="PASS" starttime="20230619 12:55:01.902" endtime="20230619 12:55:01.942"/>
</kw>
<status status="PASS" starttime="20230619 12:54:11.759" endtime="20230619 12:55:01.942"/>
</kw>
<kw name="Take Screenshot" library="Screenshot">
<arg>${EXECDIR}/ScreenShots/Text</arg>
<doc>Takes a screenshot in JPEG format and embeds it into the log file.</doc>
<msg timestamp="20230619 12:55:02.044" level="INFO" html="true">&lt;a href="ScreenShots/Text_7.jpg"&gt;&lt;img src="ScreenShots/Text_7.jpg" width="800px"&gt;&lt;/a&gt;</msg>
<status status="PASS" starttime="20230619 12:55:01.942" endtime="20230619 12:55:02.044"/>
</kw>
<status status="PASS" starttime="20230619 12:54:11.759" endtime="20230619 12:55:02.045"/>
</kw>
<kw name="Wait for text" library="Keyword">
<arg>Checking copper line status</arg>
<kw name="Wait Until Keyword Succeeds" library="BuiltIn">
<arg>5min</arg>
<arg>1ms</arg>
<arg>Page Should Contain</arg>
<arg>${Text}</arg>
<doc>Runs the specified keyword and retries if it fails.</doc>
<kw name="Page Should Contain" library="SeleniumLibrary">
<arg>${Text}</arg>
<doc>Verifies that current page contains ``text``.</doc>
<msg timestamp="20230619 12:55:05.293" level="INFO" html="true">&lt;/td&gt;&lt;/tr&gt;&lt;tr&gt;&lt;td colspan="3"&gt;&lt;a href="selenium-screenshot-9490.png"&gt;&lt;img src="selenium-screenshot-9490.png" width="800px"&gt;&lt;/a&gt;</msg>
<msg timestamp="20230619 12:55:05.293" level="FAIL">Page should have contained text 'Checking copper line status' but did not.</msg>
<status status="FAIL" starttime="20230619 12:55:02.047" endtime="20230619 12:55:05.294"/>
</kw>
<kw name="Page Should Contain" library="SeleniumLibrary">
<arg>${Text}</arg>
<doc>Verifies that current page contains ``text``.</doc>
<msg timestamp="20230619 12:55:08.540" level="INFO" html="true">&lt;/td&gt;&lt;/tr&gt;&lt;tr&gt;&lt;td colspan="3"&gt;&lt;a href="selenium-screenshot-9491.png"&gt;&lt;img src="selenium-screenshot-9491.png" width="800px"&gt;&lt;/a&gt;</msg>
<msg timestamp="20230619 12:55:08.540" level="FAIL">Page should have contained text 'Checking copper line status' but did not.</msg>
<status status="FAIL" starttime="20230619 12:55:05.302" endtime="20230619 12:55:08.541"/>
</kw>
<kw name="Page Should Contain" library="SeleniumLibrary">
<arg>${Text}</arg>
<doc>Verifies that current page contains ``text``.</doc>
<msg timestamp="20230619 12:55:08.618" level="INFO">Current page contains text 'Checking copper line status'.</msg>
<status status="PASS" starttime="20230619 12:55:08.545" endtime="20230619 12:55:08.618"/>
</kw>
<status status="PASS" starttime="20230619 12:55:02.047" endtime="20230619 12:55:08.618"/>
</kw>
<kw name="Take Screenshot" library="Screenshot">
<arg>${EXECDIR}/ScreenShots/Text</arg>
<doc>Takes a screenshot in JPEG format and embeds it into the log file.</doc>
<msg timestamp="20230619 12:55:08.734" level="INFO" html="true">&lt;a href="ScreenShots/Text_8.jpg"&gt;&lt;img src="ScreenShots/Text_8.jpg" width="800px"&gt;&lt;/a&gt;</msg>
<status status="PASS" starttime="20230619 12:55:08.619" endtime="20230619 12:55:08.734"/>
</kw>
<status status="PASS" starttime="20230619 12:55:02.045" endtime="20230619 12:55:08.734"/>
</kw>
<kw name="Wait for text" library="Keyword">
<arg>Checking the Modem</arg>
<kw name="Wait Until Keyword Succeeds" library="BuiltIn">
<arg>5min</arg>
<arg>1ms</arg>
<arg>Page Should Contain</arg>
<arg>${Text}</arg>
<doc>Runs the specified keyword and retries if it fails.</doc>
<kw name="Page Should Contain" library="SeleniumLibrary">
<arg>${Text}</arg>
<doc>Verifies that current page contains ``text``.</doc>
<msg timestamp="20230619 12:55:12.522" level="INFO" html="true">&lt;/td&gt;&lt;/tr&gt;&lt;tr&gt;&lt;td colspan="3"&gt;&lt;a href="selenium-screenshot-9492.png"&gt;&lt;img src="selenium-screenshot-9492.png" width="800px"&gt;&lt;/a&gt;</msg>
<msg timestamp="20230619 12:55:12.523" level="FAIL">Page should have contained text 'Checking the Modem' but did not.</msg>
<status status="FAIL" starttime="20230619 12:55:08.735" endtime="20230619 12:55:12.524"/>
</kw>
<kw name="Page Should Contain" library="SeleniumLibrary">
<arg>${Text}</arg>
<doc>Verifies that current page contains ``text``.</doc>
<msg timestamp="20230619 12:55:16.658" level="INFO" html="true">&lt;/td&gt;&lt;/tr&gt;&lt;tr&gt;&lt;td colspan="3"&gt;&lt;a href="selenium-screenshot-9493.png"&gt;&lt;img src="selenium-screenshot-9493.png" width="800px"&gt;&lt;/a&gt;</msg>
<msg timestamp="20230619 12:55:16.658" level="FAIL">Page should have contained text 'Checking the Modem' but did not.</msg>
<status status="FAIL" starttime="20230619 12:55:12.532" endtime="20230619 12:55:16.660"/>
</kw>
<kw name="Page Should Contain" library="SeleniumLibrary">
<arg>${Text}</arg>
<doc>Verifies that current page contains ``text``.</doc>
<msg timestamp="20230619 12:55:19.991" level="INFO" html="true">&lt;/td&gt;&lt;/tr&gt;&lt;tr&gt;&lt;td colspan="3"&gt;&lt;a href="selenium-screenshot-9494.png"&gt;&lt;img src="selenium-screenshot-9494.png" width="800px"&gt;&lt;/a&gt;</msg>
<msg timestamp="20230619 12:55:19.991" level="FAIL">Page should have contained text 'Checking the Modem' but did not.</msg>
<status status="FAIL" starttime="20230619 12:55:16.664" endtime="20230619 12:55:19.993"/>
</kw>
<kw name="Page Should Contain" library="SeleniumLibrary">
<arg>${Text}</arg>
<doc>Verifies that current page contains ``text``.</doc>
<msg timestamp="20230619 12:55:23.168" level="INFO" html="true">&lt;/td&gt;&lt;/tr&gt;&lt;tr&gt;&lt;td colspan="3"&gt;&lt;a href="selenium-screenshot-9495.png"&gt;&lt;img src="selenium-screenshot-9495.png" width="800px"&gt;&lt;/a&gt;</msg>
<msg timestamp="20230619 12:55:23.168" level="FAIL">Page should have contained text 'Checking the Modem' but did not.</msg>
<status status="FAIL" starttime="20230619 12:55:20.007" endtime="20230619 12:55:23.169"/>
</kw>
<kw name="Page Should Contain" library="SeleniumLibrary">
<arg>${Text}</arg>
<doc>Verifies that current page contains ``text``.</doc>
<msg timestamp="20230619 12:55:26.698" level="INFO" html="true">&lt;/td&gt;&lt;/tr&gt;&lt;tr&gt;&lt;td colspan="3"&gt;&lt;a href="selenium-screenshot-9496.png"&gt;&lt;img src="selenium-screenshot-9496.png" width="800px"&gt;&lt;/a&gt;</msg>
<msg timestamp="20230619 12:55:26.698" level="FAIL">Page should have contained text 'Checking the Modem' but did not.</msg>
<status status="FAIL" starttime="20230619 12:55:23.170" endtime="20230619 12:55:26.699"/>
</kw>
<kw name="Page Should Contain" library="SeleniumLibrary">
<arg>${Text}</arg>
<doc>Verifies that current page contains ``text``.</doc>
<msg timestamp="20230619 12:55:29.790" level="INFO" html="true">&lt;/td&gt;&lt;/tr&gt;&lt;tr&gt;&lt;td colspan="3"&gt;&lt;a href="selenium-screenshot-9497.png"&gt;&lt;img src="selenium-screenshot-9497.png" width="800px"&gt;&lt;/a&gt;</msg>
<msg timestamp="20230619 12:55:29.790" level="FAIL">Page should have contained text 'Checking the Modem' but did not.</msg>
<status status="FAIL" starttime="20230619 12:55:26.712" endtime="20230619 12:55:29.791"/>
</kw>
<kw name="Page Should Contain" library="SeleniumLibrary">
<arg>${Text}</arg>
<doc>Verifies that current page contains ``text``.</doc>
<msg timestamp="20230619 12:55:33.500" level="INFO" html="true">&lt;/td&gt;&lt;/tr&gt;&lt;tr&gt;&lt;td colspan="3"&gt;&lt;a href="selenium-screenshot-9498.png"&gt;&lt;img src="selenium-screenshot-9498.png" width="800px"&gt;&lt;/a&gt;</msg>
<msg timestamp="20230619 12:55:33.500" level="FAIL">Page should have contained text 'Checking the Modem' but did not.</msg>
<status status="FAIL" starttime="20230619 12:55:29.805" endtime="20230619 12:55:33.501"/>
</kw>
<kw name="Page Should Contain" library="SeleniumLibrary">
<arg>${Text}</arg>
<doc>Verifies that current page contains ``text``.</doc>
<msg timestamp="20230619 12:55:37.252" level="INFO" html="true">&lt;/td&gt;&lt;/tr&gt;&lt;tr&gt;&lt;td colspan="3"&gt;&lt;a href="selenium-screenshot-9499.png"&gt;&lt;img src="selenium-screenshot-9499.png" width="800px"&gt;&lt;/a&gt;</msg>
<msg timestamp="20230619 12:55:37.252" level="FAIL">Page should have contained text 'Checking the Modem' but did not.</msg>
<status status="FAIL" starttime="20230619 12:55:33.508" endtime="20230619 12:55:37.253"/>
</kw>
<kw name="Page Should Contain" library="SeleniumLibrary">
<arg>${Text}</arg>
<doc>Verifies that current page contains ``text``.</doc>
<msg timestamp="20230619 12:55:40.500" level="INFO" html="true">&lt;/td&gt;&lt;/tr&gt;&lt;tr&gt;&lt;td colspan="3"&gt;&lt;a href="selenium-screenshot-9500.png"&gt;&lt;img src="selenium-screenshot-9500.png" width="800px"&gt;&lt;/a&gt;</msg>
<msg timestamp="20230619 12:55:40.500" level="FAIL">Page should have contained text 'Checking the Modem' but did not.</msg>
<status status="FAIL" starttime="20230619 12:55:37.264" endtime="20230619 12:55:40.501"/>
</kw>
<kw name="Page Should Contain" library="SeleniumLibrary">
<arg>${Text}</arg>
<doc>Verifies that current page contains ``text``.</doc>
<msg timestamp="20230619 12:55:43.838" level="INFO" html="true">&lt;/td&gt;&lt;/tr&gt;&lt;tr&gt;&lt;td colspan="3"&gt;&lt;a href="selenium-screenshot-9501.png"&gt;&lt;img src="selenium-screenshot-9501.png" width="800px"&gt;&lt;/a&gt;</msg>
<msg timestamp="20230619 12:55:43.838" level="FAIL">Page should have contained text 'Checking the Modem' but did not.</msg>
<status status="FAIL" starttime="20230619 12:55:40.511" endtime="20230619 12:55:43.840"/>
</kw>
<kw name="Page Should Contain" library="SeleniumLibrary">
<arg>${Text}</arg>
<doc>Verifies that current page contains ``text``.</doc>
<msg timestamp="20230619 12:55:46.966" level="INFO" html="true">&lt;/td&gt;&lt;/tr&gt;&lt;tr&gt;&lt;td colspan="3"&gt;&lt;a href="selenium-screenshot-9502.png"&gt;&lt;img src="selenium-screenshot-9502.png" width="800px"&gt;&lt;/a&gt;</msg>
<msg timestamp="20230619 12:55:46.966" level="FAIL">Page should have contained text 'Checking the Modem' but did not.</msg>
<status status="FAIL" starttime="20230619 12:55:43.856" endtime="20230619 12:55:46.968"/>
</kw>
<kw name="Page Should Contain" library="SeleniumLibrary">
<arg>${Text}</arg>
<doc>Verifies that current page contains ``text``.</doc>
<msg timestamp="20230619 12:55:50.066" level="INFO" html="true">&lt;/td&gt;&lt;/tr&gt;&lt;tr&gt;&lt;td colspan="3"&gt;&lt;a href="selenium-screenshot-9503.png"&gt;&lt;img src="selenium-screenshot-9503.png" width="800px"&gt;&lt;/a&gt;</msg>
<msg timestamp="20230619 12:55:50.067" level="FAIL">Page should have contained text 'Checking the Modem' but did not.</msg>
<status status="FAIL" starttime="20230619 12:55:46.974" endtime="20230619 12:55:50.068"/>
</kw>
<kw name="Page Should Contain" library="SeleniumLibrary">
<arg>${Text}</arg>
<doc>Verifies that current page contains ``text``.</doc>
<msg timestamp="20230619 12:55:53.163" level="INFO" html="true">&lt;/td&gt;&lt;/tr&gt;&lt;tr&gt;&lt;td colspan="3"&gt;&lt;a href="selenium-screenshot-9504.png"&gt;&lt;img src="selenium-screenshot-9504.png" width="800px"&gt;&lt;/a&gt;</msg>
<msg timestamp="20230619 12:55:53.163" level="FAIL">Page should have contained text 'Checking the Modem' but did not.</msg>
<status status="FAIL" starttime="20230619 12:55:50.076" endtime="20230619 12:55:53.164"/>
</kw>
<kw name="Page Should Contain" library="SeleniumLibrary">
<arg>${Text}</arg>
<doc>Verifies that current page contains ``text``.</doc>
<msg timestamp="20230619 12:55:53.198" level="INFO">Current page contains text 'Checking the Modem'.</msg>
<status status="PASS" starttime="20230619 12:55:53.165" endtime="20230619 12:55:53.198"/>
</kw>
<status status="PASS" starttime="20230619 12:55:08.735" endtime="20230619 12:55:53.198"/>
</kw>
<kw name="Take Screenshot" library="Screenshot">
<arg>${EXECDIR}/ScreenShots/Text</arg>
<doc>Takes a screenshot in JPEG format and embeds it into the log file.</doc>
<msg timestamp="20230619 12:55:53.308" level="INFO" html="true">&lt;a href="ScreenShots/Text_9.jpg"&gt;&lt;img src="ScreenShots/Text_9.jpg" width="800px"&gt;&lt;/a&gt;</msg>
<status status="PASS" starttime="20230619 12:55:53.198" endtime="20230619 12:55:53.308"/>
</kw>
<status status="PASS" starttime="20230619 12:55:08.735" endtime="20230619 12:55:53.308"/>
</kw>
<status status="PASS" starttime="20230619 12:53:56.959" endtime="20230619 12:55:53.308"/>
</kw>
<status status="PASS" starttime="20230619 12:53:56.958" endtime="20230619 12:55:53.309"/>
</kw>
<status status="PASS" starttime="20230619 12:53:56.957" endtime="20230619 12:55:53.309"/>
</kw>
<status status="PASS" starttime="20230619 12:53:56.955" endtime="20230619 12:55:53.309"/>
</kw>
<kw name="Wait for text" library="Keyword">
<arg>Internet check complete</arg>
<kw name="Wait Until Keyword Succeeds" library="BuiltIn">
<arg>5min</arg>
<arg>1ms</arg>
<arg>Page Should Contain</arg>
<arg>${Text}</arg>
<doc>Runs the specified keyword and retries if it fails.</doc>
<kw name="Page Should Contain" library="SeleniumLibrary">
<arg>${Text}</arg>
<doc>Verifies that current page contains ``text``.</doc>
<msg timestamp="20230619 12:55:53.347" level="INFO">Current page contains text 'Internet check complete'.</msg>
<status status="PASS" starttime="20230619 12:55:53.310" endtime="20230619 12:55:53.347"/>
</kw>
<status status="PASS" starttime="20230619 12:55:53.309" endtime="20230619 12:55:53.347"/>
</kw>
<kw name="Take Screenshot" library="Screenshot">
<arg>${EXECDIR}/ScreenShots/Text</arg>
<doc>Takes a screenshot in JPEG format and embeds it into the log file.</doc>
<msg timestamp="20230619 12:55:53.450" level="INFO" html="true">&lt;a href="ScreenShots/Text_10.jpg"&gt;&lt;img src="ScreenShots/Text_10.jpg" width="800px"&gt;&lt;/a&gt;</msg>
<status status="PASS" starttime="20230619 12:55:53.347" endtime="20230619 12:55:53.450"/>
</kw>
<status status="PASS" starttime="20230619 12:55:53.309" endtime="20230619 12:55:53.450"/>
</kw>
<kw name="Wait for text" library="Keyword">
<arg>Phone check complete</arg>
<kw name="Wait Until Keyword Succeeds" library="BuiltIn">
<arg>5min</arg>
<arg>1ms</arg>
<arg>Page Should Contain</arg>
<arg>${Text}</arg>
<doc>Runs the specified keyword and retries if it fails.</doc>
<kw name="Page Should Contain" library="SeleniumLibrary">
<arg>${Text}</arg>
<doc>Verifies that current page contains ``text``.</doc>
<msg timestamp="20230619 12:55:56.944" level="INFO" html="true">&lt;/td&gt;&lt;/tr&gt;&lt;tr&gt;&lt;td colspan="3"&gt;&lt;a href="selenium-screenshot-9505.png"&gt;&lt;img src="selenium-screenshot-9505.png" width="800px"&gt;&lt;/a&gt;</msg>
<msg timestamp="20230619 12:55:56.944" level="FAIL">Page should have contained text 'Phone check complete' but did not.</msg>
<status status="FAIL" starttime="20230619 12:55:53.451" endtime="20230619 12:55:56.946"/>
</kw>
<kw name="Page Should Contain" library="SeleniumLibrary">
<arg>${Text}</arg>
<doc>Verifies that current page contains ``text``.</doc>
<msg timestamp="20230619 12:55:56.989" level="INFO">Current page contains text 'Phone check complete'.</msg>
<status status="PASS" starttime="20230619 12:55:56.952" endtime="20230619 12:55:56.989"/>
</kw>
<status status="PASS" starttime="20230619 12:55:53.451" endtime="20230619 12:55:56.989"/>
</kw>
<kw name="Take Screenshot" library="Screenshot">
<arg>${EXECDIR}/ScreenShots/Text</arg>
<doc>Takes a screenshot in JPEG format and embeds it into the log file.</doc>
<msg timestamp="20230619 12:55:57.125" level="INFO" html="true">&lt;a href="ScreenShots/Text_11.jpg"&gt;&lt;img src="ScreenShots/Text_11.jpg" width="800px"&gt;&lt;/a&gt;</msg>
<status status="PASS" starttime="20230619 12:55:56.989" endtime="20230619 12:55:57.126"/>
</kw>
<status status="PASS" starttime="20230619 12:55:53.450" endtime="20230619 12:55:57.126"/>
</kw>
<status status="PASS" starttime="20230619 12:53:01.622" endtime="20230619 12:55:57.126"/>
</kw>
<status status="PASS" starttime="20230619 12:53:01.621" endtime="20230619 12:55:57.126"/>
</kw>
<status status="PASS" starttime="20230619 12:53:01.621" endtime="20230619 12:55:57.126"/>
</kw>
<kw name="Sleep" library="BuiltIn">
<arg>20s</arg>
<doc>Pauses the test executed for the given time.</doc>
<msg timestamp="20230619 12:56:17.131" level="INFO">Slept 20 seconds</msg>
<status status="PASS" starttime="20230619 12:55:57.126" endtime="20230619 12:56:17.131"/>
</kw>
<status status="PASS" starttime="20230619 12:53:01.620" endtime="20230619 12:56:17.132"/>
</kw>
<status status="PASS" starttime="20230619 12:52:15.604" endtime="20230619 12:56:17.132"/>
</kw>
<kw name="NDTE Start flow (MLT Fail)" library="Keywords">
<kw name="Sleep" library="BuiltIn">
<arg>10s</arg>
<doc>Pauses the test executed for the given time.</doc>
<msg timestamp="20230619 12:56:27.135" level="INFO">Slept 10 seconds</msg>
<status status="PASS" starttime="20230619 12:56:17.133" endtime="20230619 12:56:27.135"/>
</kw>
<kw name="Click Element and Take ScreenShot" library="Keyword">
<arg>${Voice_Tab}</arg>
<kw name="Take Screenshot" library="Screenshot">
<arg>${EXECDIR}/ScreenShots/click</arg>
<doc>Takes a screenshot in JPEG format and embeds it into the log file.</doc>
<msg timestamp="20230619 12:56:27.251" level="INFO" html="true">&lt;a href="ScreenShots/click_2.jpg"&gt;&lt;img src="ScreenShots/click_2.jpg" width="800px"&gt;&lt;/a&gt;</msg>
<status status="PASS" starttime="20230619 12:56:27.137" endtime="20230619 12:56:27.251"/>
</kw>
<kw name="Click Element" library="SeleniumLibrary">
<arg>${Element}</arg>
<doc>Click the element identified by ``locator``.</doc>
<msg timestamp="20230619 12:56:27.252" level="INFO">Clicking element 'xpath://*[@id='voice-span']'.</msg>
<status status="PASS" starttime="20230619 12:56:27.251" endtime="20230619 12:56:27.374"/>
</kw>
<status status="PASS" starttime="20230619 12:56:27.135" endtime="20230619 12:56:27.374"/>
</kw>
<kw name="Sleep" library="BuiltIn">
<arg>5s</arg>
<doc>Pauses the test executed for the given time.</doc>
<msg timestamp="20230619 12:56:32.388" level="INFO">Slept 5 seconds</msg>
<status status="PASS" starttime="20230619 12:56:27.374" endtime="20230619 12:56:32.388"/>
</kw>
<kw name="Click Text and take Screenshot" library="Keyword">
<arg>I have no dial tone</arg>
<kw name="Catenate" library="BuiltIn">
<var>${text_element}</var>
<arg>xpath://*[text()="${Text}"]</arg>
<doc>Catenates the given items together and returns the resulted string.</doc>
<msg timestamp="20230619 12:56:32.390" level="INFO">${text_element} = xpath://*[text()="I have no dial tone"]</msg>
<status status="PASS" starttime="20230619 12:56:32.389" endtime="20230619 12:56:32.390"/>
</kw>
<kw name="Click Element and Take ScreenShot" library="Keyword">
<arg>${text_element}</arg>
<kw name="Take Screenshot" library="Screenshot">
<arg>${EXECDIR}/ScreenShots/click</arg>
<doc>Takes a screenshot in JPEG format and embeds it into the log file.</doc>
<msg timestamp="20230619 12:56:32.455" level="INFO" html="true">&lt;a href="ScreenShots/click_3.jpg"&gt;&lt;img src="ScreenShots/click_3.jpg" width="800px"&gt;&lt;/a&gt;</msg>
<status status="PASS" starttime="20230619 12:56:32.390" endtime="20230619 12:56:32.455"/>
</kw>
<kw name="Click Element" library="SeleniumLibrary">
<arg>${Element}</arg>
<doc>Click the element identified by ``locator``.</doc>
<msg timestamp="20230619 12:56:32.456" level="INFO">Clicking element 'xpath://*[text()="I have no dial tone"]'.</msg>
<status status="PASS" starttime="20230619 12:56:32.455" endtime="20230619 12:57:01.002"/>
</kw>
<status status="PASS" starttime="20230619 12:56:32.390" endtime="20230619 12:57:01.002"/>
</kw>
<status status="PASS" starttime="20230619 12:56:32.388" endtime="20230619 12:57:01.002"/>
</kw>
<kw name="Wait for text" library="Keyword">
<arg>Do you notice no dial tone on all phones, or just on one phone?</arg>
<kw name="Wait Until Keyword Succeeds" library="BuiltIn">
<arg>5min</arg>
<arg>1ms</arg>
<arg>Page Should Contain</arg>
<arg>${Text}</arg>
<doc>Runs the specified keyword and retries if it fails.</doc>
<kw name="Page Should Contain" library="SeleniumLibrary">
<arg>${Text}</arg>
<doc>Verifies that current page contains ``text``.</doc>
<msg timestamp="20230619 12:57:01.034" level="INFO">Current page contains text 'Do you notice no dial tone on all phones, or just on one phone?'.</msg>
<status status="PASS" starttime="20230619 12:57:01.003" endtime="20230619 12:57:01.034"/>
</kw>
<status status="PASS" starttime="20230619 12:57:01.003" endtime="20230619 12:57:01.034"/>
</kw>
<kw name="Take Screenshot" library="Screenshot">
<arg>${EXECDIR}/ScreenShots/Text</arg>
<doc>Takes a screenshot in JPEG format and embeds it into the log file.</doc>
<msg timestamp="20230619 12:57:01.139" level="INFO" html="true">&lt;a href="ScreenShots/Text_12.jpg"&gt;&lt;img src="ScreenShots/Text_12.jpg" width="800px"&gt;&lt;/a&gt;</msg>
<status status="PASS" starttime="20230619 12:57:01.035" endtime="20230619 12:57:01.140"/>
</kw>
<status status="PASS" starttime="20230619 12:57:01.002" endtime="20230619 12:57:01.140"/>
</kw>
<kw name="Sleep" library="BuiltIn">
<arg>5s</arg>
<doc>Pauses the test executed for the given time.</doc>
<msg timestamp="20230619 12:57:06.153" level="INFO">Slept 5 seconds</msg>
<status status="PASS" starttime="20230619 12:57:01.140" endtime="20230619 12:57:06.153"/>
</kw>
<kw name="Click Text and take Screenshot" library="Keyword">
<arg>All phones</arg>
<kw name="Catenate" library="BuiltIn">
<var>${text_element}</var>
<arg>xpath://*[text()="${Text}"]</arg>
<doc>Catenates the given items together and returns the resulted string.</doc>
<msg timestamp="20230619 12:57:06.154" level="INFO">${text_element} = xpath://*[text()="All phones"]</msg>
<status status="PASS" starttime="20230619 12:57:06.154" endtime="20230619 12:57:06.154"/>
</kw>
<kw name="Click Element and Take ScreenShot" library="Keyword">
<arg>${text_element}</arg>
<kw name="Take Screenshot" library="Screenshot">
<arg>${EXECDIR}/ScreenShots/click</arg>
<doc>Takes a screenshot in JPEG format and embeds it into the log file.</doc>
<msg timestamp="20230619 12:57:06.264" level="INFO" html="true">&lt;a href="ScreenShots/click_4.jpg"&gt;&lt;img src="ScreenShots/click_4.jpg" width="800px"&gt;&lt;/a&gt;</msg>
<status status="PASS" starttime="20230619 12:57:06.155" endtime="20230619 12:57:06.264"/>
</kw>
<kw name="Click Element" library="SeleniumLibrary">
<arg>${Element}</arg>
<doc>Click the element identified by ``locator``.</doc>
<msg timestamp="20230619 12:57:06.266" level="INFO">Clicking element 'xpath://*[text()="All phones"]'.</msg>
<status status="PASS" starttime="20230619 12:57:06.265" endtime="20230619 12:57:07.110"/>
</kw>
<status status="PASS" starttime="20230619 12:57:06.154" endtime="20230619 12:57:07.110"/>
</kw>
<status status="PASS" starttime="20230619 12:57:06.153" endtime="20230619 12:57:07.110"/>
</kw>
<kw name="Wait for text" library="Keyword">
<arg>Do you currently have power at your residence?</arg>
<kw name="Wait Until Keyword Succeeds" library="BuiltIn">
<arg>5min</arg>
<arg>1ms</arg>
<arg>Page Should Contain</arg>
<arg>${Text}</arg>
<doc>Runs the specified keyword and retries if it fails.</doc>
<kw name="Page Should Contain" library="SeleniumLibrary">
<arg>${Text}</arg>
<doc>Verifies that current page contains ``text``.</doc>
<msg timestamp="20230619 12:57:07.156" level="INFO">Current page contains text 'Do you currently have power at your residence?'.</msg>
<status status="PASS" starttime="20230619 12:57:07.111" endtime="20230619 12:57:07.158"/>
</kw>
<status status="PASS" starttime="20230619 12:57:07.111" endtime="20230619 12:57:07.158"/>
</kw>
<kw name="Take Screenshot" library="Screenshot">
<arg>${EXECDIR}/ScreenShots/Text</arg>
<doc>Takes a screenshot in JPEG format and embeds it into the log file.</doc>
<msg timestamp="20230619 12:57:07.308" level="INFO" html="true">&lt;a href="ScreenShots/Text_13.jpg"&gt;&lt;img src="ScreenShots/Text_13.jpg" width="800px"&gt;&lt;/a&gt;</msg>
[...]
<kw name="Wait Until Keyword Succeeds" library="BuiltIn">
<arg>5min</arg>
<arg>1ms</arg>
<arg>Page Should Contain</arg>
<arg>${Text}</arg>
<doc>Runs the specified keyword and retries if it fails.</doc>
<kw name="Page Should Contain" library="SeleniumLibrary">
<arg>${Text}</arg>
<doc>Verifies that current page contains ``text``.</doc>
<msg timestamp="20230619 13:02:24.633" level="INFO">Current page contains text 'Receiving Calls Issue'.</msg>
<status status="PASS" starttime="20230619 13:02:24.596" endtime="20230619 13:02:24.633"/>
</kw>
<status status="PASS" starttime="20230619 13:02:24.596" endtime="20230619 13:02:24.633"/>
</kw>
<kw name="Take Screenshot" library="Screenshot">
<arg>${EXECDIR}/ScreenShots/Text</arg>
<doc>Takes a screenshot in JPEG format and embeds it into the log file.</doc>
<msg timestamp="20230619 13:02:24.785" level="INFO" html="true">&lt;a href="ScreenShots/Text_29.jpg"&gt;&lt;img src="ScreenShots/Text_29.jpg" width="800px"&gt;&lt;/a&gt;</msg>
<status status="PASS" starttime="20230619 13:02:24.633" endtime="20230619 13:02:24.785"/>
</kw>
<status status="PASS" starttime="20230619 13:02:24.596" endtime="20230619 13:02:24.785"/>
</kw>
<kw name="Wait for text" library="Keyword">
<arg>${Reload}</arg>
<kw name="Wait Until Keyword Succeeds" library="BuiltIn">
<arg>5min</arg>
<arg>1ms</arg>
<arg>Page Should Contain</arg>
<arg>${Text}</arg>
<doc>Runs the specified keyword and retries if it fails.</doc>
<kw name="Page Should Contain" library="SeleniumLibrary">
<arg>${Text}</arg>
<doc>Verifies that current page contains ``text``.</doc>
<msg timestamp="20230619 13:02:24.823" level="INFO">Current page contains text '↻'.</msg>
<status status="PASS" starttime="20230619 13:02:24.786" endtime="20230619 13:02:24.823"/>
</kw>
<status status="PASS" starttime="20230619 13:02:24.786" endtime="20230619 13:02:24.823"/>
</kw>
<kw name="Take Screenshot" library="Screenshot">
<arg>${EXECDIR}/ScreenShots/Text</arg>
<doc>Takes a screenshot in JPEG format and embeds it into the log file.</doc>
<msg timestamp="20230619 13:02:25.059" level="INFO" html="true">&lt;a href="ScreenShots/Text_30.jpg"&gt;&lt;img src="ScreenShots/Text_30.jpg" width="800px"&gt;&lt;/a&gt;</msg>
<status status="PASS" starttime="20230619 13:02:24.824" endtime="20230619 13:02:25.059"/>
</kw>
<status status="PASS" starttime="20230619 13:02:24.786" endtime="20230619 13:02:25.059"/>
</kw>
<kw name="Wait for text" library="Keyword">
<arg>${Close}</arg>
<kw name="Wait Until Keyword Succeeds" library="BuiltIn">
<arg>5min</arg>
<arg>1ms</arg>
<arg>Page Should Contain</arg>
<arg>${Text}</arg>
<doc>Runs the specified keyword and retries if it fails.</doc>
<kw name="Page Should Contain" library="SeleniumLibrary">
<arg>${Text}</arg>
<doc>Verifies that current page contains ``text``.</doc>
<msg timestamp="20230619 13:02:25.093" level="INFO">Current page contains text '✕'.</msg>
<status status="PASS" starttime="20230619 13:02:25.060" endtime="20230619 13:02:25.093"/>
</kw>
<status status="PASS" starttime="20230619 13:02:25.060" endtime="20230619 13:02:25.093"/>
</kw>
<kw name="Take Screenshot" library="Screenshot">
<arg>${EXECDIR}/ScreenShots/Text</arg>
<doc>Takes a screenshot in JPEG format and embeds it into the log file.</doc>
<msg timestamp="20230619 13:02:25.281" level="INFO" html="true">&lt;a href="ScreenShots/Text_31.jpg"&gt;&lt;img src="ScreenShots/Text_31.jpg" width="800px"&gt;&lt;/a&gt;</msg>
<status status="PASS" starttime="20230619 13:02:25.094" endtime="20230619 13:02:25.281"/>
</kw>
<status status="PASS" starttime="20230619 13:02:25.059" endtime="20230619 13:02:25.283"/>
</kw>
<kw name="Wait for text" library="Keyword">
<arg>You have said that you are not able to be called by others.</arg>
<kw name="Wait Until Keyword Succeeds" library="BuiltIn">
<arg>5min</arg>
<arg>1ms</arg>
<arg>Page Should Contain</arg>
<arg>${Text}</arg>
<doc>Runs the specified keyword and retries if it fails.</doc>
<kw name="Page Should Contain" library="SeleniumLibrary">
<arg>${Text}</arg>
<doc>Verifies that current page contains ``text``.</doc>
<msg timestamp="20230619 13:02:25.318" level="INFO">Current page contains text 'You have said that you are not able to be called by others.'.</msg>
<status status="PASS" starttime="20230619 13:02:25.283" endtime="20230619 13:02:25.318"/>
</kw>
<status status="PASS" starttime="20230619 13:02:25.283" endtime="20230619 13:02:25.318"/>
</kw>
<kw name="Take Screenshot" library="Screenshot">
<arg>${EXECDIR}/ScreenShots/Text</arg>
<doc>Takes a screenshot in JPEG format and embeds it into the log file.</doc>
<msg timestamp="20230619 13:02:25.558" level="INFO" html="true">&lt;a href="ScreenShots/Text_32.jpg"&gt;&lt;img src="ScreenShots/Text_32.jpg" width="800px"&gt;&lt;/a&gt;</msg>
<status status="PASS" starttime="20230619 13:02:25.318" endtime="20230619 13:02:25.558"/>
</kw>
<status status="PASS" starttime="20230619 13:02:25.283" endtime="20230619 13:02:25.559"/>
</kw>
<kw name="Wait for text" library="Keyword">
<arg>Are you able to make calls?</arg>
<kw name="Wait Until Keyword Succeeds" library="BuiltIn">
<arg>5min</arg>
<arg>1ms</arg>
<arg>Page Should Contain</arg>
<arg>${Text}</arg>
<doc>Runs the specified keyword and retries if it fails.</doc>
<kw name="Page Should Contain" library="SeleniumLibrary">
<arg>${Text}</arg>
<doc>Verifies that current page contains ``text``.</doc>
<msg timestamp="20230619 13:02:25.622" level="INFO">Current page contains text 'Are you able to make calls?'.</msg>
<status status="PASS" starttime="20230619 13:02:25.562" endtime="20230619 13:02:25.622"/>
</kw>
<status status="PASS" starttime="20230619 13:02:25.561" endtime="20230619 13:02:25.622"/>
</kw>
<kw name="Take Screenshot" library="Screenshot">
<arg>${EXECDIR}/ScreenShots/Text</arg>
<doc>Takes a screenshot in JPEG format and embeds it into the log file.</doc>
<msg timestamp="20230619 13:02:25.852" level="INFO" html="true">&lt;a href="ScreenShots/Text_33.jpg"&gt;&lt;img src="ScreenShots/Text_33.jpg" width="800px"&gt;&lt;/a&gt;</msg>
<status status="PASS" starttime="20230619 13:02:25.622" endtime="20230619 13:02:25.853"/>
</kw>
<status status="PASS" starttime="20230619 13:02:25.559" endtime="20230619 13:02:25.853"/>
</kw>
<kw name="Click Text and take Screenshot" library="Keyword">
<arg>Yes, I can make calls</arg>
<kw name="Catenate" library="BuiltIn">
<var>${text_element}</var>
<arg>xpath://*[text()="${Text}"]</arg>
<doc>Catenates the given items together and returns the resulted string.</doc>
<msg timestamp="20230619 13:02:25.854" level="INFO">${text_element} = xpath://*[text()="Yes, I can make calls"]</msg>
<status status="PASS" starttime="20230619 13:02:25.853" endtime="20230619 13:02:25.854"/>
</kw>
<kw name="Click Element and Take ScreenShot" library="Keyword">
<arg>${text_element}</arg>
<kw name="Take Screenshot" library="Screenshot">
<arg>${EXECDIR}/ScreenShots/click</arg>
<doc>Takes a screenshot in JPEG format and embeds it into the log file.</doc>
<msg timestamp="20230619 13:02:25.991" level="INFO" html="true">&lt;a href="ScreenShots/click_11.jpg"&gt;&lt;img src="ScreenShots/click_11.jpg" width="800px"&gt;&lt;/a&gt;</msg>
<status status="PASS" starttime="20230619 13:02:25.855" endtime="20230619 13:02:25.991"/>
</kw>
<kw name="Click Element" library="SeleniumLibrary">
<arg>${Element}</arg>
<doc>Click the element identified by ``locator``.</doc>
<msg timestamp="20230619 13:02:25.992" level="INFO">Clicking element 'xpath://*[text()="Yes, I can make calls"]'.</msg>
<status status="PASS" starttime="20230619 13:02:25.991" endtime="20230619 13:02:26.884"/>
</kw>
<status status="PASS" starttime="20230619 13:02:25.854" endtime="20230619 13:02:26.884"/>
</kw>
<status status="PASS" starttime="20230619 13:02:25.853" endtime="20230619 13:02:26.885"/>
</kw>
<kw name="Wait for text" library="Keyword">
<arg>Are you unable to receive calls on all of your phones or just one?</arg>
<kw name="Wait Until Keyword Succeeds" library="BuiltIn">
<arg>5min</arg>
<arg>1ms</arg>
<arg>Page Should Contain</arg>
<arg>${Text}</arg>
<doc>Runs the specified keyword and retries if it fails.</doc>
<kw name="Page Should Contain" library="SeleniumLibrary">
<arg>${Text}</arg>
<doc>Verifies that current page contains ``text``.</doc>
<msg timestamp="20230619 13:02:26.932" level="INFO">Current page contains text 'Are you unable to receive calls on all of your phones or just one?'.</msg>
<status status="PASS" starttime="20230619 13:02:26.885" endtime="20230619 13:02:26.932"/>
</kw>
<status status="PASS" starttime="20230619 13:02:26.885" endtime="20230619 13:02:26.932"/>
</kw>
<kw name="Take Screenshot" library="Screenshot">
<arg>${EXECDIR}/ScreenShots/Text</arg>
<doc>Takes a screenshot in JPEG format and embeds it into the log file.</doc>
<msg timestamp="20230619 13:02:27.138" level="INFO" html="true">&lt;a href="ScreenShots/Text_34.jpg"&gt;&lt;img src="ScreenShots/Text_34.jpg" width="800px"&gt;&lt;/a&gt;</msg>
<status status="PASS" starttime="20230619 13:02:26.932" endtime="20230619 13:02:27.139"/>
</kw>
<status status="PASS" starttime="20230619 13:02:26.885" endtime="20230619 13:02:27.139"/>
</kw>
<kw name="Click Text and take Screenshot" library="Keyword">
<arg>All Phones</arg>
<kw name="Catenate" library="BuiltIn">
<var>${text_element}</var>
<arg>xpath://*[text()="${Text}"]</arg>
<doc>Catenates the given items together and returns the resulted string.</doc>
<msg timestamp="20230619 13:02:27.140" level="INFO">${text_element} = xpath://*[text()="All Phones"]</msg>
<status status="PASS" starttime="20230619 13:02:27.139" endtime="20230619 13:02:27.140"/>
</kw>
<kw name="Click Element and Take ScreenShot" library="Keyword">
<arg>${text_element}</arg>
<kw name="Take Screenshot" library="Screenshot">
<arg>${EXECDIR}/ScreenShots/click</arg>
<doc>Takes a screenshot in JPEG format and embeds it into the log file.</doc>
<msg timestamp="20230619 13:02:27.275" level="INFO" html="true">&lt;a href="ScreenShots/click_12.jpg"&gt;&lt;img src="ScreenShots/click_12.jpg" width="800px"&gt;&lt;/a&gt;</msg>
<status status="PASS" starttime="20230619 13:02:27.140" endtime="20230619 13:02:27.275"/>
</kw>
<kw name="Click Element" library="SeleniumLibrary">
<arg>${Element}</arg>
<doc>Click the element identified by ``locator``.</doc>
<msg timestamp="20230619 13:02:27.276" level="INFO">Clicking element 'xpath://*[text()="All Phones"]'.</msg>
<status status="PASS" starttime="20230619 13:02:27.275" endtime="20230619 13:02:27.834"/>
</kw>
<status status="PASS" starttime="20230619 13:02:27.140" endtime="20230619 13:02:27.835"/>
</kw>
<status status="PASS" starttime="20230619 13:02:27.139" endtime="20230619 13:02:27.835"/>
</kw>
<kw name="Wait for text" library="Keyword">
<arg>There was a problem retrieving your line records.</arg>
<kw name="Wait Until Keyword Succeeds" library="BuiltIn">
<arg>5min</arg>
<arg>1ms</arg>
<arg>Page Should Contain</arg>
<arg>${Text}</arg>
<doc>Runs the specified keyword and retries if it fails.</doc>
<kw name="Page Should Contain" library="SeleniumLibrary">
<arg>${Text}</arg>
<doc>Verifies that current page contains ``text``.</doc>
<msg timestamp="20230619 13:02:30.708" level="INFO" html="true">&lt;/td&gt;&lt;/tr&gt;&lt;tr&gt;&lt;td colspan="3"&gt;&lt;a href="selenium-screenshot-9553.png"&gt;&lt;img src="selenium-screenshot-9553.png" width="800px"&gt;&lt;/a&gt;</msg>
<msg timestamp="20230619 13:02:30.708" level="FAIL">Page should have contained text 'There was a problem retrieving your line records.' but did not.</msg>
<status status="FAIL" starttime="20230619 13:02:27.835" endtime="20230619 13:02:30.709"/>
</kw>
<kw name="Page Should Contain" library="SeleniumLibrary">
<arg>${Text}</arg>
<doc>Verifies that current page contains ``text``.</doc>
<msg timestamp="20230619 13:02:30.747" level="INFO">Current page contains text 'There was a problem retrieving your line records.'.</msg>
<status status="PASS" starttime="20230619 13:02:30.718" endtime="20230619 13:02:30.747"/>
</kw>
<status status="PASS" starttime="20230619 13:02:27.835" endtime="20230619 13:02:30.747"/>
</kw>
<kw name="Take Screenshot" library="Screenshot">
<arg>${EXECDIR}/ScreenShots/Text</arg>
<doc>Takes a screenshot in JPEG format and embeds it into the log file.</doc>
<msg timestamp="20230619 13:02:30.955" level="INFO" html="true">&lt;a href="ScreenShots/Text_35.jpg"&gt;&lt;img src="ScreenShots/Text_35.jpg" width="800px"&gt;&lt;/a&gt;</msg>
<status status="PASS" starttime="20230619 13:02:30.748" endtime="20230619 13:02:30.955"/>
</kw>
<status status="PASS" starttime="20230619 13:02:27.835" endtime="20230619 13:02:30.955"/>
</kw>
<kw name="Wait for text" library="Keyword">
<arg>You can chat with an agent for more help with this issue. If you have additional questions, you can browse our list of self-help topics.</arg>
<kw name="Wait Until Keyword Succeeds" library="BuiltIn">
<arg>5min</arg>
<arg>1ms</arg>
<arg>Page Should Contain</arg>
<arg>${Text}</arg>
<doc>Runs the specified keyword and retries if it fails.</doc>
<kw name="Page Should Contain" library="SeleniumLibrary">
<arg>${Text}</arg>
<doc>Verifies that current page contains ``text``.</doc>
<msg timestamp="20230619 13:02:30.990" level="INFO">Current page contains text 'You can chat with an agent for more help with this issue. If you have additional questions, you can browse our list of self-help topics.'.</msg>
<status status="PASS" starttime="20230619 13:02:30.956" endtime="20230619 13:02:30.990"/>
</kw>
<status status="PASS" starttime="20230619 13:02:30.955" endtime="20230619 13:02:30.990"/>
</kw>
<kw name="Take Screenshot" library="Screenshot">
<arg>${EXECDIR}/ScreenShots/Text</arg>
<doc>Takes a screenshot in JPEG format and embeds it into the log file.</doc>
<msg timestamp="20230619 13:02:31.160" level="INFO" html="true">&lt;a href="ScreenShots/Text_36.jpg"&gt;&lt;img src="ScreenShots/Text_36.jpg" width="800px"&gt;&lt;/a&gt;</msg>
<status status="PASS" starttime="20230619 13:02:30.990" endtime="20230619 13:02:31.160"/>
</kw>
<status status="PASS" starttime="20230619 13:02:30.955" endtime="20230619 13:02:31.160"/>
</kw>
<status status="PASS" starttime="20230619 13:01:23.627" endtime="20230619 13:02:31.160"/>
</kw>
<status status="PASS" starttime="20230619 13:01:23.384" endtime="20230619 13:02:31.160"/>
</kw>
<kw name="Click Text and take Screenshot" library="Keyword">
<arg>Exit</arg>
<kw name="Catenate" library="BuiltIn">
<var>${text_element}</var>
<arg>xpath://*[text()="${Text}"]</arg>
<doc>Catenates the given items together and returns the resulted string.</doc>
<msg timestamp="20230619 13:02:31.162" level="INFO">${text_element} = xpath://*[text()="Exit"]</msg>
<status status="PASS" starttime="20230619 13:02:31.162" endtime="20230619 13:02:31.163"/>
</kw>
<kw name="Click Element and Take ScreenShot" library="Keyword">
<arg>${text_element}</arg>
<kw name="Take Screenshot" library="Screenshot">
<arg>${EXECDIR}/ScreenShots/click</arg>
<doc>Takes a screenshot in JPEG format and embeds it into the log file.</doc>
<msg timestamp="20230619 13:02:31.260" level="INFO" html="true">&lt;a href="ScreenShots/click_13.jpg"&gt;&lt;img src="ScreenShots/click_13.jpg" width="800px"&gt;&lt;/a&gt;</msg>
<status status="PASS" starttime="20230619 13:02:31.163" endtime="20230619 13:02:31.260"/>
</kw>
<kw name="Click Element" library="SeleniumLibrary">
<arg>${Element}</arg>
<doc>Click the element identified by ``locator``.</doc>
<msg timestamp="20230619 13:02:31.261" level="INFO">Clicking element 'xpath://*[text()="Exit"]'.</msg>
<status status="PASS" starttime="20230619 13:02:31.260" endtime="20230619 13:02:31.387"/>
</kw>
<status status="PASS" starttime="20230619 13:02:31.163" endtime="20230619 13:02:31.387"/>
</kw>
<status status="PASS" starttime="20230619 13:02:31.162" endtime="20230619 13:02:31.388"/>
</kw>
<kw name="Run Keywords" library="BuiltIn" type="TEARDOWN">
<arg>Error ScreenShot</arg>
<arg>AND</arg>
<arg>Remove screenshots from Output</arg>
<arg>AND</arg>
<arg>Close Browser</arg>
<doc>Executes all the given keywords in a sequence.</doc>
<kw name="Error ScreenShot" library="Keyword">
<kw name="Run Keyword If Test Failed" library="BuiltIn">
<arg>Take Screenshot</arg>
<arg>${EXECDIR}/Failed_ScreenShot/Error</arg>
<doc>Runs the given keyword with the given arguments, if the test failed.</doc>
<status status="PASS" starttime="20230619 13:02:31.389" endtime="20230619 13:02:31.389"/>
</kw>
<status status="PASS" starttime="20230619 13:02:31.388" endtime="20230619 13:02:31.389"/>
</kw>
<kw name="Remove screenshots from Output" library="Keyword">
<kw name="Remove Files" library="OperatingSystem">
<arg>${EXECDIR}/Output/selenium-screenshot-*.png</arg>
<doc>Uses `Remove File` to remove multiple files one-by-one.</doc>
<msg timestamp="20230619 13:02:31.391" level="INFO" html="true">File '&lt;a href="file://C:\Users\AD33388\Downloads\STR_Automation (2)\STR_Automation\Output\selenium-screenshot-*.png"&gt;C:\Users\AD33388\Downloads\STR_Automation (2)\STR_Automation\Output\selenium-screenshot-*.png&lt;/a&gt;' does not exist.</msg>
<status status="PASS" starttime="20230619 13:02:31.389" endtime="20230619 13:02:31.391"/>
</kw>
<status status="PASS" starttime="20230619 13:02:31.389" endtime="20230619 13:02:31.391"/>
</kw>
<kw name="Close Browser" library="SeleniumLibrary">
<doc>Closes the current browser.</doc>
<status status="PASS" starttime="20230619 13:02:31.391" endtime="20230619 13:02:35.645"/>
</kw>
<status status="PASS" starttime="20230619 13:02:31.388" endtime="20230619 13:02:35.647"/>
</kw>
<status status="PASS" starttime="20230619 12:57:21.661" endtime="20230619 13:02:35.660"/>
</test>
<test id="s1-t3" name="TC3 CCOE Prompt Verify" line="28">
<kw name="Run Keywords" library="BuiltIn" type="SETUP">
<arg>Launch STR Application</arg>
<arg>AND</arg>
<arg>Entry to Dashboard</arg>
<doc>Executes all the given keywords in a sequence.</doc>
<kw name="Launch STR Application" library="Keyword">
<kw name="Launch a ssc tokengen" library="Keyword">
<kw name="open Chrome browser" library="Keyword">
<kw name="Open Browser Maximized" library="Driverpath">
<msg timestamp="20230619 13:02:35.669" level="INFO">====== WebDriver manager ======</msg>
<msg timestamp="20230619 13:02:40.125" level="INFO">Driver [C:\Users\AD33388\.wdm\drivers\chromedriver\win32\113.0.5672.63\chromedriver.exe] found in cache</msg>
<msg timestamp="20230619 13:02:40.125" level="INFO">Creating an instance of the Chrome WebDriver.</msg>
<msg timestamp="20230619 13:02:45.901" level="INFO">C:\Users\AD33388\.wdm\drivers\chromedriver\win32\113.0.5672.63\chromedriver.exe</msg>
<status status="PASS" starttime="20230619 13:02:35.668" endtime="20230619 13:02:45.902"/>
</kw>
<status status="PASS" starttime="20230619 13:02:35.666" endtime="20230619 13:02:45.902"/>
</kw>
<kw name="Go To" library="SeleniumLibrary">
<arg>${STRTokenURL}${tokenGen}</arg>
<doc>Navigates the current browser window to the provided ``url``.</doc>
<msg timestamp="20230619 13:02:45.903" level="INFO">Opening url 'https://sscqa.centurylink.com/ssc/index.html?token=eyJ0eXAiOiJKV1QiLCJhbGciOiJSUzI1NiJ9.eyJ3dG4iOiI2MDgyNjkxODc4IiwiYWNjb3VudF9udW1iZXIiOiIiLCJhY2NvdW50X251bV90eXBlIjoiQkFOIiwidHdveHNfZWRnZV9hdXRoX2ZsYWciOnRydWUsImlzcyI6IjJ4cy1lMmUiLCJleHAiOjE2OTU3OTkzMTYsImlhdCI6MTY4NzE1OTMxNn0.ahVVThcPjdsPGqeKkuQKLhRE6s7GfyxR0oHCFCTg5mFxXW_3xSKBLhhCXuUVbCHf8ugKPw9FrXF_q_TlndOM9c8eSdVKjhtThWFrYLSU9EI2oWPVlHgh8glGCXBCQbC-K1mJ6LqUNXwII22yWFSLT1xKA211Bjth8XR4oAEE97RyA3w9AYxHGf106fa2KZOLj8K57yd9G0_j2iNSHrtbW94XHqCLe9U4bjzHFMLi_6eppwhB-rEsdp07jA32Z_hlZMOuZs_cYtY3VZW2WfHXsdJ221Mm5wvjJ3qqucFKCh4B2BbCUAOV3dCKl0urI-Jvs1TS2AbQSTNE1mhaE6GdbQ'</msg>
<errors>
<msg timestamp="20230619 13:03:11.425" level="ERROR">Execution stopped by user.</msg>
</errors>
</robot>
